<?xml version="1.0" encoding="UTF-8"?>
<coverage generated="1779199979773" clover="3.2.0">
  <project timestamp="1779199979773" name="All files">
    <metrics statements="816" coveredstatements="793" conditionals="140" coveredconditionals="116" methods="16" coveredmethods="16" elements="972" coveredelements="925" complexity="0" loc="816" ncloc="816" packages="3" files="6" classes="6"/>
    <package name="src">
      <metrics statements="522" coveredstatements="507" conditionals="69" coveredconditionals="51" methods="7" coveredmethods="7"/>
      <file name="degrade.ts" path="/Users/lmatos/Workspace/nexus/packages/ucm-schema/ts/src/degrade.ts">
        <metrics statements="268" coveredstatements="253" conditionals="66" coveredconditionals="48" methods="6" coveredmethods="6"/>
        <line num="1" count="1" type="stmt"/>
        <line num="50" count="1" type="cond" truecount="1" falsecount="0"/>
        <line num="51" count="23" type="stmt"/>
        <line num="52" count="23" type="stmt"/>
        <line num="53" count="23" type="stmt"/>
        <line num="54" count="23" type="cond" truecount="2" falsecount="0"/>
        <line num="55" count="23" type="stmt"/>
        <line num="56" count="23" type="stmt"/>
        <line num="57" count="23" type="stmt"/>
        <line num="58" count="23" type="stmt"/>
        <line num="59" count="23" type="stmt"/>
        <line num="60" count="23" type="stmt"/>
        <line num="61" count="23" type="stmt"/>
        <line num="62" count="23" type="stmt"/>
        <line num="64" count="26" type="cond" truecount="1" falsecount="0"/>
        <line num="65" count="26" type="stmt"/>
        <line num="66" count="26" type="stmt"/>
        <line num="67" count="26" type="stmt"/>
        <line num="68" count="26" type="stmt"/>
        <line num="71" count="26" type="stmt"/>
        <line num="72" count="26" type="cond" truecount="1" falsecount="0"/>
        <line num="73" count="26" type="cond" truecount="1" falsecount="0"/>
        <line num="74" count="10" type="stmt"/>
        <line num="75" count="10" type="stmt"/>
        <line num="76" count="10" type="stmt"/>
        <line num="77" count="10" type="stmt"/>
        <line num="78" count="10" type="stmt"/>
        <line num="79" count="10" type="stmt"/>
        <line num="80" count="10" type="stmt"/>
        <line num="81" count="10" type="cond" truecount="1" falsecount="0"/>
        <line num="84" count="26" type="cond" truecount="1" falsecount="0"/>
        <line num="85" count="2" type="stmt"/>
        <line num="86" count="2" type="cond" truecount="1" falsecount="0"/>
        <line num="87" count="1" type="stmt"/>
        <line num="88" count="1" type="stmt"/>
        <line num="89" count="1" type="stmt"/>
        <line num="90" count="1" type="stmt"/>
        <line num="91" count="1" type="stmt"/>
        <line num="92" count="1" type="stmt"/>
        <line num="93" count="1" type="stmt"/>
        <line num="94" count="1" type="cond" truecount="1" falsecount="0"/>
        <line num="95" count="1" type="stmt"/>
        <line num="96" count="1" type="stmt"/>
        <line num="97" count="1" type="stmt"/>
        <line num="98" count="1" type="stmt"/>
        <line num="99" count="1" type="cond" truecount="1" falsecount="0"/>
        <line num="100" count="2" type="stmt"/>
        <line num="101" count="1" type="stmt"/>
        <line num="102" count="1" type="stmt"/>
        <line num="103" count="1" type="cond" truecount="1" falsecount="0"/>
        <line num="106" count="14" type="stmt"/>
        <line num="107" count="26" type="cond" truecount="2" falsecount="0"/>
        <line num="111" count="8" type="cond" truecount="1" falsecount="0"/>
        <line num="112" count="26" type="cond" truecount="0" falsecount="1"/>
        <line num="113" count="0" type="stmt"/>
        <line num="114" count="0" type="stmt"/>
        <line num="115" count="0" type="stmt"/>
        <line num="116" count="0" type="stmt"/>
        <line num="117" count="0" type="stmt"/>
        <line num="118" count="0" type="stmt"/>
        <line num="119" count="0" type="stmt"/>
        <line num="120" count="0" type="stmt"/>
        <line num="121" count="0" type="stmt"/>
        <line num="122" count="0" type="cond" truecount="1" falsecount="0"/>
        <line num="124" count="8" type="stmt"/>
        <line num="125" count="26" type="cond" truecount="1" falsecount="0"/>
        <line num="126" count="3" type="cond" truecount="0" falsecount="1"/>
        <line num="127" count="3" type="cond" truecount="1" falsecount="0"/>
        <line num="128" count="3" type="cond" truecount="1" falsecount="0"/>
        <line num="129" count="10" type="stmt"/>
        <line num="130" count="10" type="stmt"/>
        <line num="131" count="3" type="stmt"/>
        <line num="133" count="3" type="cond" truecount="1" falsecount="0"/>
        <line num="134" count="2" type="cond" truecount="1" falsecount="0"/>
        <line num="135" count="1" type="stmt"/>
        <line num="136" count="1" type="stmt"/>
        <line num="137" count="1" type="stmt"/>
        <line num="138" count="1" type="stmt"/>
        <line num="139" count="1" type="stmt"/>
        <line num="140" count="1" type="stmt"/>
        <line num="141" count="1" type="stmt"/>
        <line num="142" count="1" type="stmt"/>
        <line num="143" count="1" type="stmt"/>
        <line num="144" count="1" type="stmt"/>
        <line num="145" count="1" type="stmt"/>
        <line num="146" count="1" type="stmt"/>
        <line num="147" count="1" type="stmt"/>
        <line num="148" count="1" type="stmt"/>
        <line num="149" count="1" type="stmt"/>
        <line num="150" count="1" type="stmt"/>
        <line num="151" count="1" type="stmt"/>
        <line num="152" count="1" type="cond" truecount="0" falsecount="1"/>
        <line num="153" count="1" type="stmt"/>
        <line num="154" count="1" type="stmt"/>
        <line num="155" count="1" type="stmt"/>
        <line num="156" count="1" type="stmt"/>
        <line num="157" count="1" type="stmt"/>
        <line num="158" count="1" type="cond" truecount="0" falsecount="1"/>
        <line num="159" count="1" type="stmt"/>
        <line num="160" count="1" type="stmt"/>
        <line num="161" count="1" type="cond" truecount="0" falsecount="1"/>
        <line num="162" count="1" type="cond" truecount="1" falsecount="0"/>
        <line num="163" count="5" type="stmt"/>
        <line num="164" count="5" type="stmt"/>
        <line num="165" count="5" type="stmt"/>
        <line num="166" count="5" type="cond" truecount="0" falsecount="1"/>
        <line num="167" count="5" type="stmt"/>
        <line num="168" count="1" type="stmt"/>
        <line num="169" count="1" type="stmt"/>
        <line num="170" count="1" type="stmt"/>
        <line num="171" count="1" type="stmt"/>
        <line num="172" count="1" type="stmt"/>
        <line num="173" count="1" type="stmt"/>
        <line num="174" count="1" type="stmt"/>
        <line num="175" count="1" type="stmt"/>
        <line num="176" count="1" type="stmt"/>
        <line num="177" count="1" type="stmt"/>
        <line num="178" count="1" type="stmt"/>
        <line num="179" count="1" type="stmt"/>
        <line num="180" count="1" type="stmt"/>
        <line num="181" count="1" type="stmt"/>
        <line num="182" count="1" type="cond" truecount="1" falsecount="0"/>
        <line num="184" count="1" type="stmt"/>
        <line num="185" count="1" type="cond" truecount="1" falsecount="0"/>
        <line num="186" count="1" type="stmt"/>
        <line num="187" count="1" type="stmt"/>
        <line num="188" count="1" type="stmt"/>
        <line num="189" count="1" type="stmt"/>
        <line num="190" count="1" type="stmt"/>
        <line num="191" count="1" type="stmt"/>
        <line num="192" count="1" type="stmt"/>
        <line num="193" count="1" type="stmt"/>
        <line num="194" count="1" type="stmt"/>
        <line num="195" count="1" type="cond" truecount="0" falsecount="1"/>
        <line num="196" count="0" type="stmt"/>
        <line num="197" count="0" type="stmt"/>
        <line num="198" count="26" type="cond" truecount="1" falsecount="0"/>
        <line num="199" count="2" type="cond" truecount="0" falsecount="1"/>
        <line num="200" count="2" type="cond" truecount="0" falsecount="1"/>
        <line num="201" count="2" type="cond" truecount="0" falsecount="1"/>
        <line num="202" count="2" type="cond" truecount="0" falsecount="1"/>
        <line num="204" count="2" type="stmt"/>
        <line num="205" count="2" type="cond" truecount="1" falsecount="0"/>
        <line num="206" count="3" type="stmt"/>
        <line num="207" count="3" type="stmt"/>
        <line num="208" count="3" type="stmt"/>
        <line num="209" count="3" type="cond" truecount="1" falsecount="0"/>
        <line num="210" count="12" type="cond" truecount="2" falsecount="0"/>
        <line num="211" count="11" type="stmt"/>
        <line num="212" count="11" type="stmt"/>
        <line num="213" count="3" type="stmt"/>
        <line num="214" count="3" type="cond" truecount="1" falsecount="0"/>
        <line num="215" count="11" type="stmt"/>
        <line num="216" count="11" type="stmt"/>
        <line num="217" count="11" type="stmt"/>
        <line num="218" count="11" type="cond" truecount="0" falsecount="1"/>
        <line num="219" count="3" type="stmt"/>
        <line num="220" count="2" type="stmt"/>
        <line num="221" count="2" type="stmt"/>
        <line num="222" count="2" type="cond" truecount="1" falsecount="0"/>
        <line num="223" count="2" type="stmt"/>
        <line num="224" count="2" type="stmt"/>
        <line num="225" count="2" type="stmt"/>
        <line num="226" count="2" type="cond" truecount="1" falsecount="0"/>
        <line num="227" count="1" type="stmt"/>
        <line num="228" count="1" type="stmt"/>
        <line num="229" count="1" type="stmt"/>
        <line num="230" count="1" type="stmt"/>
        <line num="231" count="1" type="stmt"/>
        <line num="232" count="1" type="stmt"/>
        <line num="233" count="1" type="stmt"/>
        <line num="234" count="2" type="stmt"/>
        <line num="235" count="2" type="cond" truecount="1" falsecount="0"/>
        <line num="236" count="1" type="stmt"/>
        <line num="237" count="1" type="stmt"/>
        <line num="238" count="1" type="stmt"/>
        <line num="239" count="1" type="stmt"/>
        <line num="240" count="1" type="stmt"/>
        <line num="241" count="1" type="stmt"/>
        <line num="242" count="1" type="stmt"/>
        <line num="243" count="2" type="stmt"/>
        <line num="244" count="2" type="stmt"/>
        <line num="245" count="2" type="stmt"/>
        <line num="246" count="2" type="stmt"/>
        <line num="247" count="2" type="stmt"/>
        <line num="248" count="26" type="cond" truecount="1" falsecount="0"/>
        <line num="249" count="1" type="cond" truecount="0" falsecount="1"/>
        <line num="250" count="1" type="stmt"/>
        <line num="251" count="1" type="stmt"/>
        <line num="252" count="1" type="stmt"/>
        <line num="253" count="1" type="stmt"/>
        <line num="254" count="1" type="stmt"/>
        <line num="255" count="1" type="stmt"/>
        <line num="256" count="1" type="stmt"/>
        <line num="257" count="1" type="stmt"/>
        <line num="258" count="1" type="stmt"/>
        <line num="259" count="1" type="stmt"/>
        <line num="260" count="1" type="stmt"/>
        <line num="261" count="26" type="cond" truecount="1" falsecount="0"/>
        <line num="262" count="26" type="cond" truecount="1" falsecount="0"/>
        <line num="263" count="2" type="cond" truecount="0" falsecount="1"/>
        <line num="264" count="2" type="cond" truecount="1" falsecount="0"/>
        <line num="265" count="1" type="stmt"/>
        <line num="266" count="1" type="stmt"/>
        <line num="267" count="1" type="stmt"/>
        <line num="268" count="1" type="stmt"/>
        <line num="269" count="1" type="stmt"/>
        <line num="270" count="1" type="stmt"/>
        <line num="271" count="1" type="stmt"/>
        <line num="272" count="1" type="stmt"/>
        <line num="273" count="1" type="stmt"/>
        <line num="274" count="1" type="stmt"/>
        <line num="275" count="1" type="stmt"/>
        <line num="277" count="1" type="stmt"/>
        <line num="278" count="1" type="stmt"/>
        <line num="279" count="1" type="stmt"/>
        <line num="280" count="1" type="stmt"/>
        <line num="281" count="1" type="stmt"/>
        <line num="282" count="1" type="stmt"/>
        <line num="283" count="1" type="stmt"/>
        <line num="284" count="1" type="stmt"/>
        <line num="285" count="1" type="stmt"/>
        <line num="286" count="1" type="stmt"/>
        <line num="287" count="1" type="stmt"/>
        <line num="288" count="1" type="cond" truecount="0" falsecount="1"/>
        <line num="289" count="0" type="stmt"/>
        <line num="290" count="0" type="stmt"/>
        <line num="291" count="26" type="cond" truecount="0" falsecount="1"/>
        <line num="292" count="0" type="stmt"/>
        <line num="293" count="26" type="stmt"/>
        <line num="294" count="26" type="stmt"/>
        <line num="296" count="11" type="cond" truecount="1" falsecount="0"/>
        <line num="297" count="11" type="stmt"/>
        <line num="298" count="11" type="stmt"/>
        <line num="299" count="11" type="stmt"/>
        <line num="300" count="11" type="stmt"/>
        <line num="301" count="11" type="stmt"/>
        <line num="302" count="11" type="stmt"/>
        <line num="303" count="11" type="stmt"/>
        <line num="304" count="11" type="stmt"/>
        <line num="305" count="11" type="stmt"/>
        <line num="306" count="11" type="stmt"/>
        <line num="308" count="36" type="cond" truecount="1" falsecount="0"/>
        <line num="309" count="36" type="cond" truecount="2" falsecount="0"/>
        <line num="310" count="36" type="cond" truecount="1" falsecount="1"/>
        <line num="311" count="7" type="stmt"/>
        <line num="312" count="7" type="stmt"/>
        <line num="314" count="6" type="cond" truecount="1" falsecount="0"/>
        <line num="315" count="6" type="cond" truecount="1" falsecount="0"/>
        <line num="316" count="3" type="stmt"/>
        <line num="317" count="6" type="cond" truecount="1" falsecount="0"/>
        <line num="318" count="4" type="stmt"/>
        <line num="319" count="4" type="cond" truecount="1" falsecount="0"/>
        <line num="320" count="3" type="stmt"/>
        <line num="321" count="3" type="stmt"/>
        <line num="323" count="2" type="cond" truecount="1" falsecount="0"/>
        <line num="324" count="2" type="stmt"/>
        <line num="325" count="2" type="cond" truecount="0" falsecount="1"/>
        <line num="326" count="2" type="stmt"/>
        <line num="327" count="2" type="stmt"/>
        <line num="328" count="2" type="cond" truecount="1" falsecount="0"/>
        <line num="329" count="1" type="stmt"/>
        <line num="330" count="1" type="stmt"/>
        <line num="331" count="1" type="stmt"/>
        <line num="332" count="1" type="stmt"/>
        <line num="333" count="2" type="stmt"/>
        <line num="334" count="2" type="stmt"/>
        <line num="335" count="2" type="stmt"/>
      </file>
      <file name="index.ts" path="/Users/lmatos/Workspace/nexus/packages/ucm-schema/ts/src/index.ts">
        <metrics statements="1" coveredstatements="1" conditionals="0" coveredconditionals="0" methods="0" coveredmethods="0"/>
        <line num="1" count="1" type="stmt"/>
      </file>
      <file name="json-schema.ts" path="/Users/lmatos/Workspace/nexus/packages/ucm-schema/ts/src/json-schema.ts">
        <metrics statements="58" coveredstatements="58" conditionals="2" coveredconditionals="2" methods="1" coveredmethods="1"/>
        <line num="14" count="1" type="stmt"/>
        <line num="15" count="1" type="stmt"/>
        <line num="16" count="1" type="stmt"/>
        <line num="17" count="1" type="stmt"/>
        <line num="18" count="1" type="stmt"/>
        <line num="19" count="1" type="stmt"/>
        <line num="20" count="1" type="stmt"/>
        <line num="21" count="1" type="stmt"/>
        <line num="22" count="1" type="stmt"/>
        <line num="23" count="1" type="stmt"/>
        <line num="24" count="1" type="stmt"/>
        <line num="25" count="1" type="stmt"/>
        <line num="26" count="1" type="stmt"/>
        <line num="27" count="1" type="stmt"/>
        <line num="28" count="1" type="stmt"/>
        <line num="29" count="1" type="stmt"/>
        <line num="30" count="1" type="stmt"/>
        <line num="31" count="1" type="stmt"/>
        <line num="32" count="1" type="stmt"/>
        <line num="33" count="1" type="stmt"/>
        <line num="34" count="1" type="stmt"/>
        <line num="35" count="1" type="stmt"/>
        <line num="36" count="1" type="stmt"/>
        <line num="37" count="1" type="stmt"/>
        <line num="38" count="1" type="stmt"/>
        <line num="39" count="1" type="stmt"/>
        <line num="40" count="1" type="stmt"/>
        <line num="41" count="1" type="stmt"/>
        <line num="42" count="1" type="stmt"/>
        <line num="43" count="1" type="stmt"/>
        <line num="44" count="1" type="stmt"/>
        <line num="45" count="1" type="stmt"/>
        <line num="46" count="1" type="stmt"/>
        <line num="47" count="1" type="stmt"/>
        <line num="48" count="1" type="stmt"/>
        <line num="49" count="1" type="stmt"/>
        <line num="50" count="1" type="stmt"/>
        <line num="51" count="1" type="stmt"/>
        <line num="52" count="1" type="stmt"/>
        <line num="53" count="1" type="stmt"/>
        <line num="54" count="1" type="stmt"/>
        <line num="55" count="1" type="stmt"/>
        <line num="56" count="1" type="stmt"/>
        <line num="57" count="1" type="stmt"/>
        <line num="58" count="1" type="stmt"/>
        <line num="59" count="1" type="stmt"/>
        <line num="60" count="1" type="stmt"/>
        <line num="61" count="1" type="stmt"/>
        <line num="62" count="1" type="stmt"/>
        <line num="63" count="1" type="stmt"/>
        <line num="64" count="1" type="stmt"/>
        <line num="65" count="1" type="stmt"/>
        <line num="70" count="1" type="stmt"/>
        <line num="71" count="1" type="stmt"/>
        <line num="79" count="1" type="stmt"/>
        <line num="81" count="1" type="cond" truecount="1" falsecount="0"/>
        <line num="82" count="4" type="cond" truecount="1" falsecount="0"/>
        <line num="83" count="4" type="stmt"/>
      </file>
      <file name="types.ts" path="/Users/lmatos/Workspace/nexus/packages/ucm-schema/ts/src/types.ts">
        <metrics statements="195" coveredstatements="195" conditionals="1" coveredconditionals="1" methods="0" coveredmethods="0"/>
        <line num="1" count="1" type="stmt"/>
        <line num="14" count="1" type="stmt"/>
        <line num="18" count="1" type="stmt"/>
        <line num="19" count="1" type="stmt"/>
        <line num="20" count="1" type="stmt"/>
        <line num="21" count="1" type="stmt"/>
        <line num="22" count="1" type="stmt"/>
        <line num="24" count="1" type="stmt"/>
        <line num="25" count="1" type="stmt"/>
        <line num="26" count="1" type="stmt"/>
        <line num="27" count="1" type="stmt"/>
        <line num="28" count="1" type="stmt"/>
        <line num="29" count="1" type="stmt"/>
        <line num="30" count="1" type="stmt"/>
        <line num="31" count="1" type="stmt"/>
        <line num="33" count="1" type="stmt"/>
        <line num="35" count="1" type="stmt"/>
        <line num="36" count="1" type="stmt"/>
        <line num="37" count="1" type="stmt"/>
        <line num="38" count="1" type="stmt"/>
        <line num="39" count="1" type="stmt"/>
        <line num="40" count="1" type="stmt"/>
        <line num="41" count="1" type="stmt"/>
        <line num="42" count="1" type="stmt"/>
        <line num="43" count="1" type="stmt"/>
        <line num="44" count="1" type="stmt"/>
        <line num="45" count="1" type="stmt"/>
        <line num="46" count="1" type="stmt"/>
        <line num="47" count="1" type="stmt"/>
        <line num="52" count="1" type="stmt"/>
        <line num="53" count="1" type="stmt"/>
        <line num="54" count="1" type="stmt"/>
        <line num="55" count="1" type="stmt"/>
        <line num="56" count="1" type="stmt"/>
        <line num="57" count="1" type="stmt"/>
        <line num="59" count="1" type="stmt"/>
        <line num="60" count="1" type="stmt"/>
        <line num="61" count="1" type="stmt"/>
        <line num="62" count="1" type="stmt"/>
        <line num="63" count="1" type="stmt"/>
        <line num="64" count="1" type="stmt"/>
        <line num="66" count="1" type="stmt"/>
        <line num="67" count="1" type="stmt"/>
        <line num="68" count="1" type="stmt"/>
        <line num="69" count="1" type="stmt"/>
        <line num="70" count="1" type="stmt"/>
        <line num="71" count="1" type="stmt"/>
        <line num="73" count="1" type="stmt"/>
        <line num="74" count="1" type="stmt"/>
        <line num="75" count="1" type="stmt"/>
        <line num="76" count="1" type="stmt"/>
        <line num="77" count="1" type="stmt"/>
        <line num="78" count="1" type="stmt"/>
        <line num="79" count="1" type="stmt"/>
        <line num="81" count="1" type="stmt"/>
        <line num="82" count="1" type="stmt"/>
        <line num="83" count="1" type="stmt"/>
        <line num="84" count="1" type="stmt"/>
        <line num="85" count="1" type="stmt"/>
        <line num="86" count="1" type="stmt"/>
        <line num="88" count="1" type="stmt"/>
        <line num="89" count="1" type="stmt"/>
        <line num="90" count="1" type="stmt"/>
        <line num="91" count="1" type="stmt"/>
        <line num="92" count="1" type="stmt"/>
        <line num="93" count="1" type="stmt"/>
        <line num="94" count="1" type="stmt"/>
        <line num="95" count="1" type="stmt"/>
        <line num="96" count="1" type="stmt"/>
        <line num="98" count="1" type="stmt"/>
        <line num="99" count="1" type="stmt"/>
        <line num="100" count="1" type="stmt"/>
        <line num="101" count="1" type="stmt"/>
        <line num="102" count="1" type="stmt"/>
        <line num="103" count="1" type="stmt"/>
        <line num="104" count="1" type="stmt"/>
        <line num="106" count="1" type="stmt"/>
        <line num="109" count="1" type="stmt"/>
        <line num="110" count="1" type="stmt"/>
        <line num="111" count="1" type="stmt"/>
        <line num="112" count="1" type="stmt"/>
        <line num="113" count="1" type="stmt"/>
        <line num="114" count="1" type="stmt"/>
        <line num="115" count="1" type="stmt"/>
        <line num="116" count="1" type="stmt"/>
        <line num="117" count="1" type="stmt"/>
        <line num="119" count="1" type="stmt"/>
        <line num="120" count="1" type="stmt"/>
        <line num="121" count="1" type="stmt"/>
        <line num="122" count="1" type="stmt"/>
        <line num="123" count="1" type="stmt"/>
        <line num="124" count="1" type="stmt"/>
        <line num="125" count="1" type="stmt"/>
        <line num="126" count="1" type="stmt"/>
        <line num="128" count="1" type="stmt"/>
        <line num="129" count="1" type="stmt"/>
        <line num="130" count="1" type="stmt"/>
        <line num="131" count="1" type="stmt"/>
        <line num="132" count="1" type="stmt"/>
        <line num="133" count="1" type="stmt"/>
        <line num="134" count="1" type="stmt"/>
        <line num="135" count="1" type="stmt"/>
        <line num="136" count="1" type="stmt"/>
        <line num="137" count="1" type="stmt"/>
        <line num="138" count="1" type="stmt"/>
        <line num="142" count="1" type="stmt"/>
        <line num="143" count="1" type="stmt"/>
        <line num="144" count="1" type="stmt"/>
        <line num="145" count="1" type="stmt"/>
        <line num="146" count="1" type="stmt"/>
        <line num="147" count="1" type="stmt"/>
        <line num="148" count="1" type="stmt"/>
        <line num="150" count="1" type="stmt"/>
        <line num="151" count="1" type="stmt"/>
        <line num="152" count="1" type="stmt"/>
        <line num="153" count="1" type="stmt"/>
        <line num="154" count="1" type="stmt"/>
        <line num="155" count="1" type="stmt"/>
        <line num="156" count="1" type="stmt"/>
        <line num="158" count="1" type="stmt"/>
        <line num="159" count="1" type="stmt"/>
        <line num="160" count="1" type="stmt"/>
        <line num="161" count="1" type="stmt"/>
        <line num="162" count="1" type="stmt"/>
        <line num="163" count="1" type="stmt"/>
        <line num="164" count="1" type="stmt"/>
        <line num="166" count="1" type="stmt"/>
        <line num="167" count="1" type="stmt"/>
        <line num="168" count="1" type="stmt"/>
        <line num="169" count="1" type="stmt"/>
        <line num="170" count="1" type="stmt"/>
        <line num="171" count="1" type="stmt"/>
        <line num="172" count="1" type="stmt"/>
        <line num="174" count="1" type="stmt"/>
        <line num="175" count="1" type="stmt"/>
        <line num="176" count="1" type="stmt"/>
        <line num="177" count="1" type="stmt"/>
        <line num="178" count="1" type="stmt"/>
        <line num="179" count="1" type="stmt"/>
        <line num="180" count="1" type="stmt"/>
        <line num="182" count="1" type="stmt"/>
        <line num="183" count="1" type="stmt"/>
        <line num="184" count="1" type="stmt"/>
        <line num="185" count="1" type="stmt"/>
        <line num="186" count="1" type="stmt"/>
        <line num="187" count="1" type="stmt"/>
        <line num="188" count="1" type="stmt"/>
        <line num="190" count="1" type="stmt"/>
        <line num="191" count="1" type="stmt"/>
        <line num="192" count="1" type="stmt"/>
        <line num="193" count="1" type="stmt"/>
        <line num="194" count="1" type="stmt"/>
        <line num="195" count="1" type="stmt"/>
        <line num="196" count="1" type="stmt"/>
        <line num="198" count="1" type="stmt"/>
        <line num="199" count="1" type="stmt"/>
        <line num="200" count="1" type="stmt"/>
        <line num="201" count="1" type="stmt"/>
        <line num="202" count="1" type="stmt"/>
        <line num="203" count="1" type="stmt"/>
        <line num="204" count="1" type="stmt"/>
        <line num="230" count="1" type="stmt"/>
        <line num="231" count="1" type="cond" truecount="1" falsecount="0"/>
        <line num="232" count="85" type="stmt"/>
        <line num="233" count="85" type="stmt"/>
        <line num="234" count="85" type="stmt"/>
        <line num="235" count="85" type="stmt"/>
        <line num="236" count="85" type="stmt"/>
        <line num="237" count="85" type="stmt"/>
        <line num="238" count="85" type="stmt"/>
        <line num="239" count="85" type="stmt"/>
        <line num="240" count="85" type="stmt"/>
        <line num="241" count="85" type="stmt"/>
        <line num="242" count="1" type="stmt"/>
        <line num="244" count="1" type="stmt"/>
        <line num="245" count="1" type="stmt"/>
        <line num="246" count="1" type="stmt"/>
        <line num="247" count="1" type="stmt"/>
        <line num="248" count="1" type="stmt"/>
        <line num="249" count="1" type="stmt"/>
        <line num="250" count="1" type="stmt"/>
        <line num="251" count="1" type="stmt"/>
        <line num="252" count="1" type="stmt"/>
        <line num="253" count="1" type="stmt"/>
        <line num="254" count="1" type="stmt"/>
        <line num="258" count="1" type="stmt"/>
        <line num="259" count="1" type="stmt"/>
        <line num="260" count="1" type="stmt"/>
        <line num="261" count="1" type="stmt"/>
        <line num="262" count="1" type="stmt"/>
        <line num="263" count="1" type="stmt"/>
        <line num="264" count="1" type="stmt"/>
        <line num="265" count="1" type="stmt"/>
        <line num="266" count="1" type="stmt"/>
        <line num="267" count="1" type="stmt"/>
      </file>
    </package>
    <package name="src.channels">
      <metrics statements="140" coveredstatements="140" conditionals="19" coveredconditionals="18" methods="4" coveredmethods="4"/>
      <file name="capabilities.ts" path="/Users/lmatos/Workspace/nexus/packages/ucm-schema/ts/src/channels/capabilities.ts">
        <metrics statements="140" coveredstatements="140" conditionals="19" coveredconditionals="18" methods="4" coveredmethods="4"/>
        <line num="46" count="1" type="cond" truecount="1" falsecount="0"/>
        <line num="47" count="20" type="stmt"/>
        <line num="50" count="1" type="stmt"/>
        <line num="51" count="1" type="stmt"/>
        <line num="52" count="1" type="stmt"/>
        <line num="53" count="1" type="stmt"/>
        <line num="54" count="1" type="stmt"/>
        <line num="55" count="1" type="stmt"/>
        <line num="56" count="1" type="stmt"/>
        <line num="57" count="1" type="stmt"/>
        <line num="58" count="1" type="stmt"/>
        <line num="59" count="1" type="stmt"/>
        <line num="60" count="1" type="stmt"/>
        <line num="61" count="1" type="stmt"/>
        <line num="62" count="1" type="stmt"/>
        <line num="63" count="1" type="stmt"/>
        <line num="64" count="1" type="stmt"/>
        <line num="65" count="1" type="stmt"/>
        <line num="66" count="1" type="stmt"/>
        <line num="67" count="1" type="stmt"/>
        <line num="68" count="1" type="stmt"/>
        <line num="69" count="1" type="stmt"/>
        <line num="73" count="1" type="stmt"/>
        <line num="74" count="1" type="stmt"/>
        <line num="75" count="1" type="stmt"/>
        <line num="76" count="1" type="stmt"/>
        <line num="80" count="1" type="stmt"/>
        <line num="81" count="1" type="stmt"/>
        <line num="82" count="1" type="stmt"/>
        <line num="83" count="1" type="stmt"/>
        <line num="84" count="1" type="stmt"/>
        <line num="85" count="1" type="stmt"/>
        <line num="86" count="1" type="stmt"/>
        <line num="87" count="1" type="stmt"/>
        <line num="88" count="1" type="stmt"/>
        <line num="89" count="1" type="stmt"/>
        <line num="90" count="1" type="stmt"/>
        <line num="91" count="1" type="stmt"/>
        <line num="92" count="1" type="stmt"/>
        <line num="93" count="1" type="stmt"/>
        <line num="94" count="1" type="stmt"/>
        <line num="95" count="1" type="stmt"/>
        <line num="96" count="1" type="stmt"/>
        <line num="97" count="1" type="stmt"/>
        <line num="98" count="1" type="stmt"/>
        <line num="99" count="1" type="stmt"/>
        <line num="100" count="1" type="stmt"/>
        <line num="101" count="1" type="stmt"/>
        <line num="104" count="1" type="stmt"/>
        <line num="105" count="1" type="stmt"/>
        <line num="106" count="1" type="stmt"/>
        <line num="107" count="1" type="stmt"/>
        <line num="108" count="1" type="stmt"/>
        <line num="109" count="1" type="stmt"/>
        <line num="110" count="1" type="stmt"/>
        <line num="111" count="1" type="stmt"/>
        <line num="112" count="1" type="stmt"/>
        <line num="113" count="1" type="stmt"/>
        <line num="114" count="1" type="stmt"/>
        <line num="115" count="1" type="stmt"/>
        <line num="116" count="1" type="stmt"/>
        <line num="117" count="1" type="stmt"/>
        <line num="118" count="1" type="stmt"/>
        <line num="121" count="1" type="stmt"/>
        <line num="122" count="1" type="stmt"/>
        <line num="123" count="1" type="stmt"/>
        <line num="124" count="1" type="stmt"/>
        <line num="125" count="1" type="stmt"/>
        <line num="126" count="1" type="stmt"/>
        <line num="127" count="1" type="stmt"/>
        <line num="128" count="1" type="stmt"/>
        <line num="129" count="1" type="stmt"/>
        <line num="130" count="1" type="stmt"/>
        <line num="131" count="1" type="stmt"/>
        <line num="132" count="1" type="stmt"/>
        <line num="133" count="1" type="stmt"/>
        <line num="134" count="1" type="stmt"/>
        <line num="135" count="1" type="stmt"/>
        <line num="136" count="1" type="stmt"/>
        <line num="137" count="1" type="stmt"/>
        <line num="138" count="1" type="stmt"/>
        <line num="139" count="1" type="stmt"/>
        <line num="143" count="1" type="stmt"/>
        <line num="144" count="1" type="stmt"/>
        <line num="145" count="1" type="stmt"/>
        <line num="146" count="1" type="stmt"/>
        <line num="147" count="1" type="stmt"/>
        <line num="148" count="1" type="stmt"/>
        <line num="149" count="1" type="stmt"/>
        <line num="150" count="1" type="stmt"/>
        <line num="152" count="1" type="stmt"/>
        <line num="153" count="1" type="stmt"/>
        <line num="154" count="1" type="stmt"/>
        <line num="155" count="1" type="stmt"/>
        <line num="156" count="1" type="stmt"/>
        <line num="157" count="1" type="stmt"/>
        <line num="158" count="1" type="stmt"/>
        <line num="160" count="1" type="cond" truecount="1" falsecount="0"/>
        <line num="161" count="40" type="stmt"/>
        <line num="162" count="40" type="cond" truecount="1" falsecount="0"/>
        <line num="163" count="1" type="stmt"/>
        <line num="164" count="1" type="cond" truecount="1" falsecount="0"/>
        <line num="165" count="39" type="stmt"/>
        <line num="166" count="39" type="stmt"/>
        <line num="168" count="1" type="cond" truecount="1" falsecount="0"/>
        <line num="169" count="64" type="stmt"/>
        <line num="170" count="64" type="stmt"/>
        <line num="171" count="64" type="stmt"/>
        <line num="172" count="64" type="stmt"/>
        <line num="173" count="64" type="stmt"/>
        <line num="182" count="1" type="cond" truecount="1" falsecount="0"/>
        <line num="183" count="75" type="stmt"/>
        <line num="184" count="75" type="stmt"/>
        <line num="185" count="75" type="stmt"/>
        <line num="186" count="75" type="stmt"/>
        <line num="187" count="75" type="cond" truecount="1" falsecount="0"/>
        <line num="188" count="17" type="stmt"/>
        <line num="189" count="17" type="cond" truecount="0" falsecount="1"/>
        <line num="190" count="17" type="cond" truecount="2" falsecount="0"/>
        <line num="191" count="17" type="stmt"/>
        <line num="192" count="75" type="cond" truecount="1" falsecount="0"/>
        <line num="193" count="13" type="stmt"/>
        <line num="194" count="75" type="cond" truecount="1" falsecount="0"/>
        <line num="195" count="10" type="stmt"/>
        <line num="196" count="75" type="cond" truecount="1" falsecount="0"/>
        <line num="197" count="7" type="stmt"/>
        <line num="198" count="75" type="cond" truecount="1" falsecount="0"/>
        <line num="199" count="6" type="cond" truecount="1" falsecount="0"/>
        <line num="200" count="6" type="stmt"/>
        <line num="201" count="6" type="stmt"/>
        <line num="202" count="75" type="cond" truecount="1" falsecount="0"/>
        <line num="203" count="4" type="stmt"/>
        <line num="204" count="75" type="cond" truecount="1" falsecount="0"/>
        <line num="205" count="11" type="stmt"/>
        <line num="206" count="75" type="cond" truecount="1" falsecount="0"/>
        <line num="207" count="6" type="stmt"/>
        <line num="208" count="75" type="cond" truecount="1" falsecount="0"/>
        <line num="209" count="1" type="stmt"/>
        <line num="210" count="75" type="stmt"/>
        <line num="211" count="75" type="stmt"/>
      </file>
    </package>
    <package name="src.validators">
      <metrics statements="154" coveredstatements="146" conditionals="52" coveredconditionals="47" methods="5" coveredmethods="5"/>
      <file name="index.ts" path="/Users/lmatos/Workspace/nexus/packages/ucm-schema/ts/src/validators/index.ts">
        <metrics statements="154" coveredstatements="146" conditionals="52" coveredconditionals="47" methods="5" coveredmethods="5"/>
        <line num="1" count="1" type="stmt"/>
        <line num="41" count="1" type="cond" truecount="1" falsecount="0"/>
        <line num="42" count="35" type="stmt"/>
        <line num="43" count="35" type="stmt"/>
        <line num="44" count="35" type="stmt"/>
        <line num="45" count="35" type="stmt"/>
        <line num="46" count="35" type="cond" truecount="1" falsecount="0"/>
        <line num="47" count="1" type="stmt"/>
        <line num="48" count="1" type="stmt"/>
        <line num="49" count="1" type="cond" truecount="1" falsecount="0"/>
        <line num="50" count="1" type="stmt"/>
        <line num="51" count="1" type="cond" truecount="0" falsecount="1"/>
        <line num="52" count="1" type="stmt"/>
        <line num="53" count="1" type="stmt"/>
        <line num="54" count="1" type="stmt"/>
        <line num="55" count="1" type="cond" truecount="1" falsecount="0"/>
        <line num="56" count="34" type="stmt"/>
        <line num="57" count="35" type="cond" truecount="2" falsecount="0"/>
        <line num="58" count="35" type="stmt"/>
        <line num="59" count="35" type="stmt"/>
        <line num="60" count="35" type="cond" truecount="2" falsecount="0"/>
        <line num="61" count="35" type="stmt"/>
        <line num="63" count="38" type="cond" truecount="1" falsecount="0"/>
        <line num="64" count="38" type="stmt"/>
        <line num="65" count="38" type="stmt"/>
        <line num="66" count="38" type="stmt"/>
        <line num="67" count="38" type="stmt"/>
        <line num="68" count="38" type="stmt"/>
        <line num="70" count="38" type="stmt"/>
        <line num="71" count="38" type="cond" truecount="1" falsecount="0"/>
        <line num="72" count="36" type="cond" truecount="1" falsecount="0"/>
        <line num="73" count="4" type="stmt"/>
        <line num="74" count="4" type="stmt"/>
        <line num="75" count="4" type="stmt"/>
        <line num="76" count="4" type="stmt"/>
        <line num="77" count="4" type="stmt"/>
        <line num="78" count="4" type="stmt"/>
        <line num="79" count="36" type="stmt"/>
        <line num="81" count="38" type="stmt"/>
        <line num="83" count="38" type="cond" truecount="1" falsecount="0"/>
        <line num="84" count="3" type="stmt"/>
        <line num="85" count="3" type="stmt"/>
        <line num="86" count="3" type="stmt"/>
        <line num="87" count="3" type="cond" truecount="1" falsecount="0"/>
        <line num="88" count="1" type="stmt"/>
        <line num="89" count="1" type="stmt"/>
        <line num="90" count="1" type="stmt"/>
        <line num="91" count="1" type="stmt"/>
        <line num="92" count="1" type="stmt"/>
        <line num="93" count="1" type="stmt"/>
        <line num="94" count="3" type="stmt"/>
        <line num="95" count="3" type="cond" truecount="1" falsecount="0"/>
        <line num="96" count="4" type="stmt"/>
        <line num="97" count="3" type="stmt"/>
        <line num="98" count="3" type="stmt"/>
        <line num="99" count="38" type="stmt"/>
        <line num="101" count="38" type="cond" truecount="1" falsecount="0"/>
        <line num="102" count="38" type="stmt"/>
        <line num="103" count="38" type="stmt"/>
        <line num="104" count="38" type="stmt"/>
        <line num="105" count="38" type="stmt"/>
        <line num="106" count="38" type="stmt"/>
        <line num="107" count="38" type="stmt"/>
        <line num="108" count="38" type="cond" truecount="1" falsecount="0"/>
        <line num="109" count="14" type="stmt"/>
        <line num="111" count="38" type="stmt"/>
        <line num="112" count="38" type="cond" truecount="1" falsecount="0"/>
        <line num="113" count="10" type="cond" truecount="1" falsecount="0"/>
        <line num="114" count="3" type="stmt"/>
        <line num="115" count="3" type="stmt"/>
        <line num="116" count="10" type="stmt"/>
        <line num="117" count="10" type="stmt"/>
        <line num="118" count="38" type="cond" truecount="1" falsecount="0"/>
        <line num="119" count="7" type="stmt"/>
        <line num="120" count="7" type="cond" truecount="0" falsecount="1"/>
        <line num="121" count="0" type="stmt"/>
        <line num="122" count="0" type="stmt"/>
        <line num="123" count="7" type="cond" truecount="2" falsecount="0"/>
        <line num="124" count="3" type="stmt"/>
        <line num="125" count="3" type="stmt"/>
        <line num="126" count="7" type="cond" truecount="1" falsecount="0"/>
        <line num="127" count="5" type="cond" truecount="1" falsecount="0"/>
        <line num="128" count="20" type="cond" truecount="1" falsecount="0"/>
        <line num="129" count="2" type="stmt"/>
        <line num="130" count="2" type="stmt"/>
        <line num="131" count="5" type="stmt"/>
        <line num="132" count="5" type="stmt"/>
        <line num="133" count="7" type="stmt"/>
        <line num="134" count="7" type="stmt"/>
        <line num="135" count="38" type="cond" truecount="1" falsecount="0"/>
        <line num="136" count="6" type="stmt"/>
        <line num="137" count="6" type="cond" truecount="0" falsecount="1"/>
        <line num="138" count="0" type="stmt"/>
        <line num="139" count="0" type="stmt"/>
        <line num="140" count="6" type="cond" truecount="2" falsecount="0"/>
        <line num="141" count="1" type="stmt"/>
        <line num="142" count="1" type="stmt"/>
        <line num="143" count="6" type="cond" truecount="1" falsecount="0"/>
        <line num="144" count="6" type="cond" truecount="2" falsecount="0"/>
        <line num="145" count="2" type="stmt"/>
        <line num="146" count="2" type="stmt"/>
        <line num="147" count="6" type="cond" truecount="2" falsecount="0"/>
        <line num="148" count="5" type="cond" truecount="1" falsecount="0"/>
        <line num="149" count="7" type="cond" truecount="1" falsecount="0"/>
        <line num="150" count="31" type="cond" truecount="1" falsecount="0"/>
        <line num="151" count="1" type="stmt"/>
        <line num="152" count="1" type="stmt"/>
        <line num="153" count="31" type="stmt"/>
        <line num="154" count="31" type="stmt"/>
        <line num="155" count="31" type="cond" truecount="1" falsecount="0"/>
        <line num="156" count="3" type="stmt"/>
        <line num="157" count="31" type="cond" truecount="0" falsecount="1"/>
        <line num="158" count="0" type="stmt"/>
        <line num="159" count="0" type="stmt"/>
        <line num="160" count="7" type="stmt"/>
        <line num="161" count="5" type="stmt"/>
        <line num="162" count="5" type="stmt"/>
        <line num="163" count="6" type="stmt"/>
        <line num="164" count="6" type="stmt"/>
        <line num="165" count="38" type="cond" truecount="1" falsecount="0"/>
        <line num="166" count="3" type="stmt"/>
        <line num="167" count="3" type="cond" truecount="0" falsecount="1"/>
        <line num="168" count="0" type="stmt"/>
        <line num="169" count="0" type="stmt"/>
        <line num="170" count="3" type="stmt"/>
        <line num="171" count="3" type="stmt"/>
        <line num="172" count="3" type="stmt"/>
        <line num="173" count="3" type="cond" truecount="1" falsecount="0"/>
        <line num="174" count="1" type="stmt"/>
        <line num="175" count="1" type="stmt"/>
        <line num="176" count="3" type="stmt"/>
        <line num="177" count="3" type="stmt"/>
        <line num="178" count="38" type="cond" truecount="1" falsecount="0"/>
        <line num="179" count="2" type="stmt"/>
        <line num="180" count="2" type="cond" truecount="1" falsecount="0"/>
        <line num="181" count="1" type="stmt"/>
        <line num="182" count="1" type="stmt"/>
        <line num="183" count="2" type="stmt"/>
        <line num="184" count="2" type="stmt"/>
        <line num="185" count="2" type="stmt"/>
        <line num="186" count="38" type="cond" truecount="1" falsecount="0"/>
        <line num="187" count="38" type="cond" truecount="1" falsecount="0"/>
        <line num="188" count="38" type="cond" truecount="1" falsecount="0"/>
        <line num="189" count="10" type="stmt"/>
        <line num="190" count="38" type="stmt"/>
        <line num="191" count="38" type="stmt"/>
        <line num="193" count="8" type="cond" truecount="1" falsecount="0"/>
        <line num="194" count="8" type="cond" truecount="1" falsecount="0"/>
        <line num="195" count="4" type="stmt"/>
        <line num="196" count="8" type="cond" truecount="1" falsecount="0"/>
        <line num="197" count="5" type="stmt"/>
        <line num="198" count="5" type="cond" truecount="1" falsecount="0"/>
        <line num="199" count="4" type="stmt"/>
        <line num="200" count="4" type="stmt"/>
      </file>
    </package>
  </project>
</coverage>
