{"/Users/lmatos/Workspace/nexus/packages/ucm-schema/ts/src/degrade.ts": {"path":"/Users/lmatos/Workspace/nexus/packages/ucm-schema/ts/src/degrade.ts","all":false,"statementMap":{"0":{"start":{"line":1,"column":0},"end":{"line":1,"column":3}},"49":{"start":{"line":50,"column":0},"end":{"line":50,"column":24}},"50":{"start":{"line":51,"column":0},"end":{"line":51,"column":20}},"51":{"start":{"line":52,"column":0},"end":{"line":52,"column":40}},"52":{"start":{"line":53,"column":0},"end":{"line":53,"column":18}},"53":{"start":{"line":54,"column":0},"end":{"line":54,"column":78}},"54":{"start":{"line":55,"column":0},"end":{"line":55,"column":38}},"55":{"start":{"line":56,"column":0},"end":{"line":56,"column":53}},"56":{"start":{"line":57,"column":0},"end":{"line":57,"column":10}},"57":{"start":{"line":58,"column":0},"end":{"line":58,"column":16}},"58":{"start":{"line":59,"column":0},"end":{"line":59,"column":30}},"59":{"start":{"line":60,"column":0},"end":{"line":60,"column":10}},"60":{"start":{"line":61,"column":0},"end":{"line":61,"column":4}},"61":{"start":{"line":62,"column":0},"end":{"line":62,"column":1}},"63":{"start":{"line":64,"column":0},"end":{"line":64,"column":22}},"64":{"start":{"line":65,"column":0},"end":{"line":65,"column":18}},"65":{"start":{"line":66,"column":0},"end":{"line":66,"column":26}},"66":{"start":{"line":67,"column":0},"end":{"line":67,"column":27}},"67":{"start":{"line":68,"column":0},"end":{"line":68,"column":15}},"70":{"start":{"line":71,"column":0},"end":{"line":71,"column":83}},"71":{"start":{"line":72,"column":0},"end":{"line":72,"column":71}},"72":{"start":{"line":73,"column":0},"end":{"line":73,"column":31}},"73":{"start":{"line":74,"column":0},"end":{"line":74,"column":16}},"74":{"start":{"line":75,"column":0},"end":{"line":75,"column":27}},"75":{"start":{"line":76,"column":0},"end":{"line":76,"column":21}},"76":{"start":{"line":77,"column":0},"end":{"line":77,"column":17}},"77":{"start":{"line":78,"column":0},"end":{"line":78,"column":74}},"78":{"start":{"line":79,"column":0},"end":{"line":79,"column":7}},"79":{"start":{"line":80,"column":0},"end":{"line":80,"column":31}},"80":{"start":{"line":81,"column":0},"end":{"line":81,"column":3}},"83":{"start":{"line":84,"column":0},"end":{"line":84,"column":33}},"84":{"start":{"line":85,"column":0},"end":{"line":85,"column":51}},"85":{"start":{"line":86,"column":0},"end":{"line":86,"column":55}},"86":{"start":{"line":87,"column":0},"end":{"line":87,"column":18}},"87":{"start":{"line":88,"column":0},"end":{"line":88,"column":24}},"88":{"start":{"line":89,"column":0},"end":{"line":89,"column":26}},"89":{"start":{"line":90,"column":0},"end":{"line":90,"column":36}},"90":{"start":{"line":91,"column":0},"end":{"line":91,"column":35}},"91":{"start":{"line":92,"column":0},"end":{"line":92,"column":9}},"92":{"start":{"line":93,"column":0},"end":{"line":93,"column":41}},"93":{"start":{"line":94,"column":0},"end":{"line":94,"column":59}},"94":{"start":{"line":95,"column":0},"end":{"line":95,"column":40}},"95":{"start":{"line":96,"column":0},"end":{"line":96,"column":8}},"96":{"start":{"line":97,"column":0},"end":{"line":97,"column":62}},"97":{"start":{"line":98,"column":0},"end":{"line":98,"column":5}},"98":{"start":{"line":99,"column":0},"end":{"line":99,"column":56}},"99":{"start":{"line":100,"column":0},"end":{"line":100,"column":38}},"100":{"start":{"line":101,"column":0},"end":{"line":101,"column":6}},"101":{"start":{"line":102,"column":0},"end":{"line":102,"column":59}},"102":{"start":{"line":103,"column":0},"end":{"line":103,"column":3}},"105":{"start":{"line":106,"column":0},"end":{"line":106,"column":41}},"106":{"start":{"line":107,"column":0},"end":{"line":107,"column":29}},"110":{"start":{"line":111,"column":0},"end":{"line":111,"column":69}},"111":{"start":{"line":112,"column":0},"end":{"line":112,"column":20}},"112":{"start":{"line":113,"column":0},"end":{"line":113,"column":16}},"113":{"start":{"line":114,"column":0},"end":{"line":114,"column":27}},"114":{"start":{"line":115,"column":0},"end":{"line":115,"column":21}},"115":{"start":{"line":116,"column":0},"end":{"line":116,"column":17}},"116":{"start":{"line":117,"column":0},"end":{"line":117,"column":50}},"117":{"start":{"line":118,"column":0},"end":{"line":118,"column":56}},"118":{"start":{"line":119,"column":0},"end":{"line":119,"column":22}},"119":{"start":{"line":120,"column":0},"end":{"line":120,"column":7}},"120":{"start":{"line":121,"column":0},"end":{"line":121,"column":31}},"121":{"start":{"line":122,"column":0},"end":{"line":122,"column":3}},"123":{"start":{"line":124,"column":0},"end":{"line":124,"column":21}},"124":{"start":{"line":125,"column":0},"end":{"line":125,"column":27}},"125":{"start":{"line":126,"column":0},"end":{"line":126,"column":68}},"126":{"start":{"line":127,"column":0},"end":{"line":127,"column":76}},"127":{"start":{"line":128,"column":0},"end":{"line":128,"column":55}},"128":{"start":{"line":129,"column":0},"end":{"line":129,"column":17}},"129":{"start":{"line":130,"column":0},"end":{"line":130,"column":43}},"130":{"start":{"line":131,"column":0},"end":{"line":131,"column":10}},"132":{"start":{"line":133,"column":0},"end":{"line":133,"column":33}},"133":{"start":{"line":134,"column":0},"end":{"line":134,"column":59}},"134":{"start":{"line":135,"column":0},"end":{"line":135,"column":22}},"135":{"start":{"line":136,"column":0},"end":{"line":136,"column":28}},"136":{"start":{"line":137,"column":0},"end":{"line":137,"column":34}},"137":{"start":{"line":138,"column":0},"end":{"line":138,"column":23}},"138":{"start":{"line":139,"column":0},"end":{"line":139,"column":77}},"139":{"start":{"line":140,"column":0},"end":{"line":140,"column":13}},"140":{"start":{"line":141,"column":0},"end":{"line":141,"column":36}},"141":{"start":{"line":142,"column":0},"end":{"line":142,"column":37}},"142":{"start":{"line":143,"column":0},"end":{"line":143,"column":54}},"143":{"start":{"line":144,"column":0},"end":{"line":144,"column":25}},"144":{"start":{"line":145,"column":0},"end":{"line":145,"column":56}},"145":{"start":{"line":146,"column":0},"end":{"line":146,"column":45}},"146":{"start":{"line":147,"column":0},"end":{"line":147,"column":74}},"147":{"start":{"line":148,"column":0},"end":{"line":148,"column":22}},"148":{"start":{"line":149,"column":0},"end":{"line":149,"column":37}},"149":{"start":{"line":150,"column":0},"end":{"line":150,"column":36}},"150":{"start":{"line":151,"column":0},"end":{"line":151,"column":31}},"151":{"start":{"line":152,"column":0},"end":{"line":152,"column":60}},"152":{"start":{"line":153,"column":0},"end":{"line":153,"column":16}},"153":{"start":{"line":154,"column":0},"end":{"line":154,"column":25}},"154":{"start":{"line":155,"column":0},"end":{"line":155,"column":17}},"155":{"start":{"line":156,"column":0},"end":{"line":156,"column":34}},"156":{"start":{"line":157,"column":0},"end":{"line":157,"column":31}},"157":{"start":{"line":158,"column":0},"end":{"line":158,"column":62}},"158":{"start":{"line":159,"column":0},"end":{"line":159,"column":20}},"159":{"start":{"line":160,"column":0},"end":{"line":160,"column":31}},"160":{"start":{"line":161,"column":0},"end":{"line":161,"column":80}},"161":{"start":{"line":162,"column":0},"end":{"line":162,"column":34}},"162":{"start":{"line":163,"column":0},"end":{"line":163,"column":31}},"163":{"start":{"line":164,"column":0},"end":{"line":164,"column":38}},"164":{"start":{"line":165,"column":0},"end":{"line":165,"column":32}},"165":{"start":{"line":166,"column":0},"end":{"line":166,"column":66}},"166":{"start":{"line":167,"column":0},"end":{"line":167,"column":24}},"167":{"start":{"line":168,"column":0},"end":{"line":168,"column":24}},"168":{"start":{"line":169,"column":0},"end":{"line":169,"column":18}},"169":{"start":{"line":170,"column":0},"end":{"line":170,"column":16}},"170":{"start":{"line":171,"column":0},"end":{"line":171,"column":14}},"171":{"start":{"line":172,"column":0},"end":{"line":172,"column":12}},"172":{"start":{"line":173,"column":0},"end":{"line":173,"column":22}},"173":{"start":{"line":174,"column":0},"end":{"line":174,"column":9}},"174":{"start":{"line":175,"column":0},"end":{"line":175,"column":20}},"175":{"start":{"line":176,"column":0},"end":{"line":176,"column":26}},"176":{"start":{"line":177,"column":0},"end":{"line":177,"column":32}},"177":{"start":{"line":178,"column":0},"end":{"line":178,"column":21}},"178":{"start":{"line":179,"column":0},"end":{"line":179,"column":99}},"179":{"start":{"line":180,"column":0},"end":{"line":180,"column":11}},"180":{"start":{"line":181,"column":0},"end":{"line":181,"column":35}},"181":{"start":{"line":182,"column":0},"end":{"line":182,"column":7}},"183":{"start":{"line":184,"column":0},"end":{"line":184,"column":41}},"184":{"start":{"line":185,"column":0},"end":{"line":185,"column":60}},"185":{"start":{"line":186,"column":0},"end":{"line":186,"column":8}},"186":{"start":{"line":187,"column":0},"end":{"line":187,"column":26}},"187":{"start":{"line":188,"column":0},"end":{"line":188,"column":20}},"188":{"start":{"line":189,"column":0},"end":{"line":189,"column":26}},"189":{"start":{"line":190,"column":0},"end":{"line":190,"column":32}},"190":{"start":{"line":191,"column":0},"end":{"line":191,"column":42}},"191":{"start":{"line":192,"column":0},"end":{"line":192,"column":65}},"192":{"start":{"line":193,"column":0},"end":{"line":193,"column":11}},"193":{"start":{"line":194,"column":0},"end":{"line":194,"column":64}},"194":{"start":{"line":195,"column":0},"end":{"line":195,"column":7}},"195":{"start":{"line":196,"column":0},"end":{"line":196,"column":17}},"196":{"start":{"line":197,"column":0},"end":{"line":197,"column":5}},"197":{"start":{"line":198,"column":0},"end":{"line":198,"column":18}},"198":{"start":{"line":199,"column":0},"end":{"line":199,"column":66}},"199":{"start":{"line":200,"column":0},"end":{"line":200,"column":74}},"200":{"start":{"line":201,"column":0},"end":{"line":201,"column":79}},"201":{"start":{"line":202,"column":0},"end":{"line":202,"column":75}},"203":{"start":{"line":204,"column":0},"end":{"line":204,"column":20}},"204":{"start":{"line":205,"column":0},"end":{"line":205,"column":57}},"205":{"start":{"line":206,"column":0},"end":{"line":206,"column":13}},"206":{"start":{"line":207,"column":0},"end":{"line":207,"column":46}},"207":{"start":{"line":208,"column":0},"end":{"line":208,"column":20}},"208":{"start":{"line":209,"column":0},"end":{"line":209,"column":25}},"209":{"start":{"line":210,"column":0},"end":{"line":210,"column":47}},"210":{"start":{"line":211,"column":0},"end":{"line":211,"column":20}},"211":{"start":{"line":212,"column":0},"end":{"line":212,"column":24}},"212":{"start":{"line":213,"column":0},"end":{"line":213,"column":12}},"213":{"start":{"line":214,"column":0},"end":{"line":214,"column":24}},"214":{"start":{"line":215,"column":0},"end":{"line":215,"column":17}},"215":{"start":{"line":216,"column":0},"end":{"line":216,"column":50}},"216":{"start":{"line":217,"column":0},"end":{"line":217,"column":24}},"217":{"start":{"line":218,"column":0},"end":{"line":218,"column":90}},"218":{"start":{"line":219,"column":0},"end":{"line":219,"column":14}},"219":{"start":{"line":220,"column":0},"end":{"line":220,"column":10}},"220":{"start":{"line":221,"column":0},"end":{"line":221,"column":56}},"221":{"start":{"line":222,"column":0},"end":{"line":222,"column":40}},"222":{"start":{"line":223,"column":0},"end":{"line":223,"column":10}},"223":{"start":{"line":224,"column":0},"end":{"line":224,"column":8}},"224":{"start":{"line":225,"column":0},"end":{"line":225,"column":52}},"225":{"start":{"line":226,"column":0},"end":{"line":226,"column":26}},"226":{"start":{"line":227,"column":0},"end":{"line":227,"column":20}},"227":{"start":{"line":228,"column":0},"end":{"line":228,"column":26}},"228":{"start":{"line":229,"column":0},"end":{"line":229,"column":23}},"229":{"start":{"line":230,"column":0},"end":{"line":230,"column":33}},"230":{"start":{"line":231,"column":0},"end":{"line":231,"column":67}},"231":{"start":{"line":232,"column":0},"end":{"line":232,"column":11}},"232":{"start":{"line":233,"column":0},"end":{"line":233,"column":7}},"233":{"start":{"line":234,"column":0},"end":{"line":234,"column":70}},"234":{"start":{"line":235,"column":0},"end":{"line":235,"column":50}},"235":{"start":{"line":236,"column":0},"end":{"line":236,"column":20}},"236":{"start":{"line":237,"column":0},"end":{"line":237,"column":26}},"237":{"start":{"line":238,"column":0},"end":{"line":238,"column":23}},"238":{"start":{"line":239,"column":0},"end":{"line":239,"column":45}},"239":{"start":{"line":240,"column":0},"end":{"line":240,"column":65}},"240":{"start":{"line":241,"column":0},"end":{"line":241,"column":11}},"241":{"start":{"line":242,"column":0},"end":{"line":242,"column":7}},"242":{"start":{"line":243,"column":0},"end":{"line":243,"column":14}},"243":{"start":{"line":244,"column":0},"end":{"line":244,"column":15}},"244":{"start":{"line":245,"column":0},"end":{"line":245,"column":70}},"245":{"start":{"line":246,"column":0},"end":{"line":246,"column":8}},"246":{"start":{"line":247,"column":0},"end":{"line":247,"column":5}},"247":{"start":{"line":248,"column":0},"end":{"line":248,"column":21}},"248":{"start":{"line":249,"column":0},"end":{"line":249,"column":71}},"249":{"start":{"line":250,"column":0},"end":{"line":250,"column":67}},"250":{"start":{"line":251,"column":0},"end":{"line":251,"column":54}},"251":{"start":{"line":252,"column":0},"end":{"line":252,"column":20}},"252":{"start":{"line":253,"column":0},"end":{"line":253,"column":26}},"253":{"start":{"line":254,"column":0},"end":{"line":254,"column":26}},"254":{"start":{"line":255,"column":0},"end":{"line":255,"column":49}},"255":{"start":{"line":256,"column":0},"end":{"line":256,"column":59}},"256":{"start":{"line":257,"column":0},"end":{"line":257,"column":11}},"257":{"start":{"line":258,"column":0},"end":{"line":258,"column":7}},"258":{"start":{"line":259,"column":0},"end":{"line":259,"column":67}},"259":{"start":{"line":260,"column":0},"end":{"line":260,"column":5}},"260":{"start":{"line":261,"column":0},"end":{"line":261,"column":16}},"261":{"start":{"line":262,"column":0},"end":{"line":262,"column":19}},"262":{"start":{"line":263,"column":0},"end":{"line":263,"column":62}},"263":{"start":{"line":264,"column":0},"end":{"line":264,"column":32}},"264":{"start":{"line":265,"column":0},"end":{"line":265,"column":53}},"265":{"start":{"line":266,"column":0},"end":{"line":266,"column":40}},"266":{"start":{"line":267,"column":0},"end":{"line":267,"column":22}},"267":{"start":{"line":268,"column":0},"end":{"line":268,"column":28}},"268":{"start":{"line":269,"column":0},"end":{"line":269,"column":25}},"269":{"start":{"line":270,"column":0},"end":{"line":270,"column":35}},"270":{"start":{"line":271,"column":0},"end":{"line":271,"column":53}},"271":{"start":{"line":272,"column":0},"end":{"line":272,"column":13}},"272":{"start":{"line":273,"column":0},"end":{"line":273,"column":9}},"273":{"start":{"line":274,"column":0},"end":{"line":274,"column":61}},"274":{"start":{"line":275,"column":0},"end":{"line":275,"column":7}},"276":{"start":{"line":277,"column":0},"end":{"line":277,"column":40}},"277":{"start":{"line":278,"column":0},"end":{"line":278,"column":59}},"278":{"start":{"line":279,"column":0},"end":{"line":279,"column":46}},"279":{"start":{"line":280,"column":0},"end":{"line":280,"column":22}},"280":{"start":{"line":281,"column":0},"end":{"line":281,"column":28}},"281":{"start":{"line":282,"column":0},"end":{"line":282,"column":26}},"282":{"start":{"line":283,"column":0},"end":{"line":283,"column":44}},"283":{"start":{"line":284,"column":0},"end":{"line":284,"column":56}},"284":{"start":{"line":285,"column":0},"end":{"line":285,"column":13}},"285":{"start":{"line":286,"column":0},"end":{"line":286,"column":9}},"286":{"start":{"line":287,"column":0},"end":{"line":287,"column":64}},"287":{"start":{"line":288,"column":0},"end":{"line":288,"column":7}},"288":{"start":{"line":289,"column":0},"end":{"line":289,"column":17}},"289":{"start":{"line":290,"column":0},"end":{"line":290,"column":5}},"290":{"start":{"line":291,"column":0},"end":{"line":291,"column":12}},"291":{"start":{"line":292,"column":0},"end":{"line":292,"column":17}},"292":{"start":{"line":293,"column":0},"end":{"line":293,"column":3}},"293":{"start":{"line":294,"column":0},"end":{"line":294,"column":1}},"295":{"start":{"line":296,"column":0},"end":{"line":296,"column":54}},"296":{"start":{"line":297,"column":0},"end":{"line":297,"column":10}},"297":{"start":{"line":298,"column":0},"end":{"line":298,"column":29}},"298":{"start":{"line":299,"column":0},"end":{"line":299,"column":46}},"299":{"start":{"line":300,"column":0},"end":{"line":300,"column":17}},"300":{"start":{"line":301,"column":0},"end":{"line":301,"column":36}},"301":{"start":{"line":302,"column":0},"end":{"line":302,"column":37}},"302":{"start":{"line":303,"column":0},"end":{"line":303,"column":59}},"303":{"start":{"line":304,"column":0},"end":{"line":304,"column":58}},"304":{"start":{"line":305,"column":0},"end":{"line":305,"column":4}},"305":{"start":{"line":306,"column":0},"end":{"line":306,"column":1}},"307":{"start":{"line":308,"column":0},"end":{"line":308,"column":51}},"308":{"start":{"line":309,"column":0},"end":{"line":309,"column":32}},"309":{"start":{"line":310,"column":0},"end":{"line":310,"column":39}},"310":{"start":{"line":311,"column":0},"end":{"line":311,"column":48}},"311":{"start":{"line":312,"column":0},"end":{"line":312,"column":1}},"313":{"start":{"line":314,"column":0},"end":{"line":314,"column":50}},"314":{"start":{"line":315,"column":0},"end":{"line":315,"column":41}},"315":{"start":{"line":316,"column":0},"end":{"line":316,"column":12}},"316":{"start":{"line":317,"column":0},"end":{"line":317,"column":41}},"317":{"start":{"line":318,"column":0},"end":{"line":318,"column":39}},"318":{"start":{"line":319,"column":0},"end":{"line":319,"column":3}},"319":{"start":{"line":320,"column":0},"end":{"line":320,"column":15}},"320":{"start":{"line":321,"column":0},"end":{"line":321,"column":1}},"322":{"start":{"line":323,"column":0},"end":{"line":323,"column":80}},"323":{"start":{"line":324,"column":0},"end":{"line":324,"column":31}},"324":{"start":{"line":325,"column":0},"end":{"line":325,"column":64}},"325":{"start":{"line":326,"column":0},"end":{"line":326,"column":31}},"326":{"start":{"line":327,"column":0},"end":{"line":327,"column":45}},"327":{"start":{"line":328,"column":0},"end":{"line":328,"column":37}},"328":{"start":{"line":329,"column":0},"end":{"line":329,"column":60}},"329":{"start":{"line":330,"column":0},"end":{"line":330,"column":12}},"330":{"start":{"line":331,"column":0},"end":{"line":331,"column":22}},"331":{"start":{"line":332,"column":0},"end":{"line":332,"column":5}},"332":{"start":{"line":333,"column":0},"end":{"line":333,"column":3}},"333":{"start":{"line":334,"column":0},"end":{"line":334,"column":48}},"334":{"start":{"line":335,"column":0},"end":{"line":335,"column":1}}},"s":{"0":1,"49":1,"50":23,"51":23,"52":23,"53":23,"54":23,"55":23,"56":23,"57":23,"58":23,"59":23,"60":23,"61":23,"63":26,"64":26,"65":26,"66":26,"67":26,"70":26,"71":26,"72":26,"73":10,"74":10,"75":10,"76":10,"77":10,"78":10,"79":10,"80":10,"83":26,"84":2,"85":2,"86":1,"87":1,"88":1,"89":1,"90":1,"91":1,"92":1,"93":1,"94":1,"95":1,"96":1,"97":1,"98":1,"99":2,"100":1,"101":1,"102":1,"105":14,"106":26,"110":8,"111":26,"112":0,"113":0,"114":0,"115":0,"116":0,"117":0,"118":0,"119":0,"120":0,"121":0,"123":8,"124":26,"125":3,"126":3,"127":3,"128":10,"129":10,"130":3,"132":3,"133":2,"134":1,"135":1,"136":1,"137":1,"138":1,"139":1,"140":1,"141":1,"142":1,"143":1,"144":1,"145":1,"146":1,"147":1,"148":1,"149":1,"150":1,"151":1,"152":1,"153":1,"154":1,"155":1,"156":1,"157":1,"158":1,"159":1,"160":1,"161":1,"162":5,"163":5,"164":5,"165":5,"166":5,"167":1,"168":1,"169":1,"170":1,"171":1,"172":1,"173":1,"174":1,"175":1,"176":1,"177":1,"178":1,"179":1,"180":1,"181":1,"183":1,"184":1,"185":1,"186":1,"187":1,"188":1,"189":1,"190":1,"191":1,"192":1,"193":1,"194":1,"195":0,"196":0,"197":26,"198":2,"199":2,"200":2,"201":2,"203":2,"204":2,"205":3,"206":3,"207":3,"208":3,"209":12,"210":11,"211":11,"212":3,"213":3,"214":11,"215":11,"216":11,"217":11,"218":3,"219":2,"220":2,"221":2,"222":2,"223":2,"224":2,"225":2,"226":1,"227":1,"228":1,"229":1,"230":1,"231":1,"232":1,"233":2,"234":2,"235":1,"236":1,"237":1,"238":1,"239":1,"240":1,"241":1,"242":2,"243":2,"244":2,"245":2,"246":2,"247":26,"248":1,"249":1,"250":1,"251":1,"252":1,"253":1,"254":1,"255":1,"256":1,"257":1,"258":1,"259":1,"260":26,"261":26,"262":2,"263":2,"264":1,"265":1,"266":1,"267":1,"268":1,"269":1,"270":1,"271":1,"272":1,"273":1,"274":1,"276":1,"277":1,"278":1,"279":1,"280":1,"281":1,"282":1,"283":1,"284":1,"285":1,"286":1,"287":1,"288":0,"289":0,"290":26,"291":0,"292":26,"293":26,"295":11,"296":11,"297":11,"298":11,"299":11,"300":11,"301":11,"302":11,"303":11,"304":11,"305":11,"307":36,"308":36,"309":36,"310":7,"311":7,"313":6,"314":6,"315":3,"316":6,"317":4,"318":4,"319":3,"320":3,"322":2,"323":2,"324":2,"325":2,"326":2,"327":2,"328":1,"329":1,"330":1,"331":1,"332":2,"333":2,"334":2},"branchMap":{"0":{"type":"branch","line":50,"loc":{"start":{"line":50,"column":7},"end":{"line":62,"column":1}},"locations":[{"start":{"line":50,"column":7},"end":{"line":62,"column":1}}]},"1":{"type":"branch","line":54,"loc":{"start":{"line":54,"column":37},"end":{"line":54,"column":70}},"locations":[{"start":{"line":54,"column":37},"end":{"line":54,"column":70}}]},"2":{"type":"branch","line":54,"loc":{"start":{"line":54,"column":66},"end":{"line":54,"column":78}},"locations":[{"start":{"line":54,"column":66},"end":{"line":54,"column":78}}]},"3":{"type":"branch","line":64,"loc":{"start":{"line":64,"column":0},"end":{"line":294,"column":1}},"locations":[{"start":{"line":64,"column":0},"end":{"line":294,"column":1}}]},"4":{"type":"branch","line":73,"loc":{"start":{"line":73,"column":30},"end":{"line":81,"column":3}},"locations":[{"start":{"line":73,"column":30},"end":{"line":81,"column":3}}]},"5":{"type":"branch","line":81,"loc":{"start":{"line":81,"column":2},"end":{"line":84,"column":32}},"locations":[{"start":{"line":81,"column":2},"end":{"line":84,"column":32}}]},"6":{"type":"branch","line":84,"loc":{"start":{"line":84,"column":32},"end":{"line":103,"column":3}},"locations":[{"start":{"line":84,"column":32},"end":{"line":103,"column":3}}]},"7":{"type":"branch","line":86,"loc":{"start":{"line":86,"column":54},"end":{"line":103,"column":3}},"locations":[{"start":{"line":86,"column":54},"end":{"line":103,"column":3}}]},"8":{"type":"branch","line":103,"loc":{"start":{"line":103,"column":2},"end":{"line":107,"column":25}},"locations":[{"start":{"line":103,"column":2},"end":{"line":107,"column":25}}]},"9":{"type":"branch","line":107,"loc":{"start":{"line":107,"column":18},"end":{"line":107,"column":29}},"locations":[{"start":{"line":107,"column":18},"end":{"line":107,"column":29}}]},"10":{"type":"branch","line":107,"loc":{"start":{"line":107,"column":25},"end":{"line":112,"column":19}},"locations":[{"start":{"line":107,"column":25},"end":{"line":112,"column":19}}]},"11":{"type":"branch","line":112,"loc":{"start":{"line":112,"column":19},"end":{"line":122,"column":3}},"locations":[{"start":{"line":112,"column":19},"end":{"line":122,"column":3}}]},"12":{"type":"branch","line":122,"loc":{"start":{"line":122,"column":2},"end":{"line":124,"column":21}},"locations":[{"start":{"line":122,"column":2},"end":{"line":124,"column":21}}]},"13":{"type":"branch","line":125,"loc":{"start":{"line":125,"column":4},"end":{"line":197,"column":5}},"locations":[{"start":{"line":125,"column":4},"end":{"line":197,"column":5}}]},"14":{"type":"branch","line":126,"loc":{"start":{"line":126,"column":33},"end":{"line":126,"column":68}},"locations":[{"start":{"line":126,"column":33},"end":{"line":126,"column":68}}]},"15":{"type":"branch","line":127,"loc":{"start":{"line":127,"column":38},"end":{"line":127,"column":76}},"locations":[{"start":{"line":127,"column":38},"end":{"line":127,"column":76}}]},"16":{"type":"branch","line":133,"loc":{"start":{"line":133,"column":32},"end":{"line":182,"column":7}},"locations":[{"start":{"line":133,"column":32},"end":{"line":182,"column":7}}]},"17":{"type":"branch","line":134,"loc":{"start":{"line":134,"column":58},"end":{"line":182,"column":7}},"locations":[{"start":{"line":134,"column":58},"end":{"line":182,"column":7}}]},"18":{"type":"branch","line":152,"loc":{"start":{"line":152,"column":31},"end":{"line":152,"column":60}},"locations":[{"start":{"line":152,"column":31},"end":{"line":152,"column":60}}]},"19":{"type":"branch","line":158,"loc":{"start":{"line":158,"column":35},"end":{"line":158,"column":62}},"locations":[{"start":{"line":158,"column":35},"end":{"line":158,"column":62}}]},"20":{"type":"branch","line":161,"loc":{"start":{"line":161,"column":45},"end":{"line":161,"column":79}},"locations":[{"start":{"line":161,"column":45},"end":{"line":161,"column":79}}]},"21":{"type":"branch","line":182,"loc":{"start":{"line":182,"column":6},"end":{"line":195,"column":7}},"locations":[{"start":{"line":182,"column":6},"end":{"line":195,"column":7}}]},"22":{"type":"branch","line":195,"loc":{"start":{"line":195,"column":6},"end":{"line":197,"column":5}},"locations":[{"start":{"line":195,"column":6},"end":{"line":197,"column":5}}]},"23":{"type":"branch","line":198,"loc":{"start":{"line":198,"column":4},"end":{"line":247,"column":5}},"locations":[{"start":{"line":198,"column":4},"end":{"line":247,"column":5}}]},"24":{"type":"branch","line":199,"loc":{"start":{"line":199,"column":37},"end":{"line":199,"column":66}},"locations":[{"start":{"line":199,"column":37},"end":{"line":199,"column":66}}]},"25":{"type":"branch","line":200,"loc":{"start":{"line":200,"column":41},"end":{"line":200,"column":74}},"locations":[{"start":{"line":200,"column":41},"end":{"line":200,"column":74}}]},"26":{"type":"branch","line":201,"loc":{"start":{"line":201,"column":40},"end":{"line":201,"column":79}},"locations":[{"start":{"line":201,"column":40},"end":{"line":201,"column":79}}]},"27":{"type":"branch","line":202,"loc":{"start":{"line":202,"column":40},"end":{"line":202,"column":75}},"locations":[{"start":{"line":202,"column":40},"end":{"line":202,"column":75}}]},"28":{"type":"branch","line":226,"loc":{"start":{"line":226,"column":25},"end":{"line":233,"column":7}},"locations":[{"start":{"line":226,"column":25},"end":{"line":233,"column":7}}]},"29":{"type":"branch","line":235,"loc":{"start":{"line":235,"column":49},"end":{"line":242,"column":7}},"locations":[{"start":{"line":235,"column":49},"end":{"line":242,"column":7}}]},"30":{"type":"branch","line":248,"loc":{"start":{"line":248,"column":4},"end":{"line":260,"column":5}},"locations":[{"start":{"line":248,"column":4},"end":{"line":260,"column":5}}]},"31":{"type":"branch","line":249,"loc":{"start":{"line":249,"column":33},"end":{"line":249,"column":71}},"locations":[{"start":{"line":249,"column":33},"end":{"line":249,"column":71}}]},"32":{"type":"branch","line":261,"loc":{"start":{"line":261,"column":4},"end":{"line":261,"column":16}},"locations":[{"start":{"line":261,"column":4},"end":{"line":261,"column":16}}]},"33":{"type":"branch","line":262,"loc":{"start":{"line":262,"column":4},"end":{"line":290,"column":5}},"locations":[{"start":{"line":262,"column":4},"end":{"line":290,"column":5}}]},"34":{"type":"branch","line":263,"loc":{"start":{"line":263,"column":33},"end":{"line":263,"column":62}},"locations":[{"start":{"line":263,"column":33},"end":{"line":263,"column":62}}]},"35":{"type":"branch","line":264,"loc":{"start":{"line":264,"column":31},"end":{"line":288,"column":7}},"locations":[{"start":{"line":264,"column":31},"end":{"line":288,"column":7}}]},"36":{"type":"branch","line":288,"loc":{"start":{"line":288,"column":6},"end":{"line":290,"column":5}},"locations":[{"start":{"line":288,"column":6},"end":{"line":290,"column":5}}]},"37":{"type":"branch","line":291,"loc":{"start":{"line":291,"column":4},"end":{"line":292,"column":17}},"locations":[{"start":{"line":291,"column":4},"end":{"line":292,"column":17}}]},"38":{"type":"branch","line":72,"loc":{"start":{"line":72,"column":34},"end":{"line":72,"column":69}},"locations":[{"start":{"line":72,"column":34},"end":{"line":72,"column":69}}]},"39":{"type":"branch","line":94,"loc":{"start":{"line":94,"column":53},"end":{"line":95,"column":40}},"locations":[{"start":{"line":94,"column":53},"end":{"line":95,"column":40}}]},"40":{"type":"branch","line":99,"loc":{"start":{"line":99,"column":50},"end":{"line":100,"column":38}},"locations":[{"start":{"line":99,"column":50},"end":{"line":100,"column":38}}]},"41":{"type":"branch","line":111,"loc":{"start":{"line":111,"column":42},"end":{"line":111,"column":67}},"locations":[{"start":{"line":111,"column":42},"end":{"line":111,"column":67}}]},"42":{"type":"branch","line":128,"loc":{"start":{"line":128,"column":46},"end":{"line":131,"column":8}},"locations":[{"start":{"line":128,"column":46},"end":{"line":131,"column":8}}]},"43":{"type":"branch","line":162,"loc":{"start":{"line":162,"column":25},"end":{"line":168,"column":22}},"locations":[{"start":{"line":162,"column":25},"end":{"line":168,"column":22}}]},"44":{"type":"branch","line":166,"loc":{"start":{"line":166,"column":39},"end":{"line":166,"column":66}},"locations":[{"start":{"line":166,"column":39},"end":{"line":166,"column":66}}]},"45":{"type":"branch","line":185,"loc":{"start":{"line":185,"column":8},"end":{"line":185,"column":60}},"locations":[{"start":{"line":185,"column":8},"end":{"line":185,"column":60}}]},"46":{"type":"branch","line":205,"loc":{"start":{"line":205,"column":48},"end":{"line":220,"column":8}},"locations":[{"start":{"line":205,"column":48},"end":{"line":220,"column":8}}]},"47":{"type":"branch","line":209,"loc":{"start":{"line":209,"column":18},"end":{"line":213,"column":11}},"locations":[{"start":{"line":209,"column":18},"end":{"line":213,"column":11}}]},"48":{"type":"branch","line":210,"loc":{"start":{"line":210,"column":34},"end":{"line":210,"column":47}},"locations":[{"start":{"line":210,"column":34},"end":{"line":210,"column":47}}]},"49":{"type":"branch","line":210,"loc":{"start":{"line":210,"column":41},"end":{"line":212,"column":24}},"locations":[{"start":{"line":210,"column":41},"end":{"line":212,"column":24}}]},"50":{"type":"branch","line":214,"loc":{"start":{"line":214,"column":15},"end":{"line":219,"column":12}},"locations":[{"start":{"line":214,"column":15},"end":{"line":219,"column":12}}]},"51":{"type":"branch","line":218,"loc":{"start":{"line":218,"column":31},"end":{"line":218,"column":76}},"locations":[{"start":{"line":218,"column":31},"end":{"line":218,"column":76}}]},"52":{"type":"branch","line":222,"loc":{"start":{"line":222,"column":8},"end":{"line":222,"column":40}},"locations":[{"start":{"line":222,"column":8},"end":{"line":222,"column":40}}]},"53":{"type":"branch","line":296,"loc":{"start":{"line":296,"column":0},"end":{"line":306,"column":1}},"locations":[{"start":{"line":296,"column":0},"end":{"line":306,"column":1}}]},"54":{"type":"branch","line":308,"loc":{"start":{"line":308,"column":0},"end":{"line":312,"column":1}},"locations":[{"start":{"line":308,"column":0},"end":{"line":312,"column":1}}]},"55":{"type":"branch","line":309,"loc":{"start":{"line":309,"column":23},"end":{"line":309,"column":32}},"locations":[{"start":{"line":309,"column":23},"end":{"line":309,"column":32}}]},"56":{"type":"branch","line":309,"loc":{"start":{"line":309,"column":30},"end":{"line":310,"column":23}},"locations":[{"start":{"line":309,"column":30},"end":{"line":310,"column":23}}]},"57":{"type":"branch","line":310,"loc":{"start":{"line":310,"column":16},"end":{"line":310,"column":39}},"locations":[{"start":{"line":310,"column":16},"end":{"line":310,"column":39}}]},"58":{"type":"branch","line":310,"loc":{"start":{"line":310,"column":37},"end":{"line":312,"column":1}},"locations":[{"start":{"line":310,"column":37},"end":{"line":312,"column":1}}]},"59":{"type":"branch","line":314,"loc":{"start":{"line":314,"column":0},"end":{"line":321,"column":1}},"locations":[{"start":{"line":314,"column":0},"end":{"line":321,"column":1}}]},"60":{"type":"branch","line":315,"loc":{"start":{"line":315,"column":32},"end":{"line":317,"column":40}},"locations":[{"start":{"line":315,"column":32},"end":{"line":317,"column":40}}]},"61":{"type":"branch","line":317,"loc":{"start":{"line":317,"column":40},"end":{"line":319,"column":3}},"locations":[{"start":{"line":317,"column":40},"end":{"line":319,"column":3}}]},"62":{"type":"branch","line":319,"loc":{"start":{"line":319,"column":2},"end":{"line":321,"column":1}},"locations":[{"start":{"line":319,"column":2},"end":{"line":321,"column":1}}]},"63":{"type":"branch","line":323,"loc":{"start":{"line":323,"column":0},"end":{"line":335,"column":1}},"locations":[{"start":{"line":323,"column":0},"end":{"line":335,"column":1}}]},"64":{"type":"branch","line":325,"loc":{"start":{"line":325,"column":4},"end":{"line":325,"column":64}},"locations":[{"start":{"line":325,"column":4},"end":{"line":325,"column":64}}]},"65":{"type":"branch","line":328,"loc":{"start":{"line":328,"column":36},"end":{"line":332,"column":5}},"locations":[{"start":{"line":328,"column":36},"end":{"line":332,"column":5}}]}},"b":{"0":[23],"1":[18],"2":[5],"3":[26],"4":[10],"5":[16],"6":[2],"7":[1],"8":[14],"9":[6],"10":[8],"11":[0],"12":[8],"13":[3],"14":[0],"15":[1],"16":[2],"17":[1],"18":[0],"19":[0],"20":[0],"21":[1],"22":[0],"23":[2],"24":[0],"25":[0],"26":[0],"27":[0],"28":[1],"29":[1],"30":[1],"31":[0],"32":[1],"33":[2],"34":[0],"35":[1],"36":[0],"37":[0],"38":[25],"39":[1],"40":[2],"41":[10],"42":[10],"43":[5],"44":[0],"45":[1],"46":[3],"47":[12],"48":[1],"49":[11],"50":[11],"51":[0],"52":[3],"53":[11],"54":[36],"55":[29],"56":[7],"57":[0],"58":[7],"59":[6],"60":[3],"61":[4],"62":[3],"63":[2],"64":[0],"65":[1]},"fnMap":{"0":{"name":"degrade","decl":{"start":{"line":50,"column":7},"end":{"line":62,"column":1}},"loc":{"start":{"line":50,"column":7},"end":{"line":62,"column":1}},"line":50},"1":{"name":"degradeInner","decl":{"start":{"line":64,"column":0},"end":{"line":294,"column":1}},"loc":{"start":{"line":64,"column":0},"end":{"line":294,"column":1}},"line":64},"2":{"name":"toTextFallback","decl":{"start":{"line":296,"column":0},"end":{"line":306,"column":1}},"loc":{"start":{"line":296,"column":0},"end":{"line":306,"column":1}},"line":296},"3":{"name":"truncate","decl":{"start":{"line":308,"column":0},"end":{"line":312,"column":1}},"loc":{"start":{"line":308,"column":0},"end":{"line":312,"column":1}},"line":308},"4":{"name":"compositeDepth","decl":{"start":{"line":314,"column":0},"end":{"line":321,"column":1}},"loc":{"start":{"line":314,"column":0},"end":{"line":321,"column":1}},"line":314},"5":{"name":"flattenComposite","decl":{"start":{"line":323,"column":0},"end":{"line":335,"column":1}},"loc":{"start":{"line":323,"column":0},"end":{"line":335,"column":1}},"line":323}},"f":{"0":23,"1":26,"2":11,"3":36,"4":6,"5":2}}
,"/Users/lmatos/Workspace/nexus/packages/ucm-schema/ts/src/index.ts": {"path":"/Users/lmatos/Workspace/nexus/packages/ucm-schema/ts/src/index.ts","all":false,"statementMap":{"0":{"start":{"line":1,"column":0},"end":{"line":1,"column":3}}},"s":{"0":1},"branchMap":{},"b":{},"fnMap":{},"f":{}}
,"/Users/lmatos/Workspace/nexus/packages/ucm-schema/ts/src/json-schema.ts": {"path":"/Users/lmatos/Workspace/nexus/packages/ucm-schema/ts/src/json-schema.ts","all":false,"statementMap":{"13":{"start":{"line":14,"column":0},"end":{"line":14,"column":32}},"14":{"start":{"line":15,"column":0},"end":{"line":15,"column":58}},"15":{"start":{"line":16,"column":0},"end":{"line":16,"column":62}},"16":{"start":{"line":17,"column":0},"end":{"line":17,"column":22}},"17":{"start":{"line":18,"column":0},"end":{"line":18,"column":14}},"18":{"start":{"line":19,"column":0},"end":{"line":19,"column":91}},"19":{"start":{"line":20,"column":0},"end":{"line":20,"column":17}},"20":{"start":{"line":21,"column":0},"end":{"line":21,"column":13}},"21":{"start":{"line":22,"column":0},"end":{"line":22,"column":18}},"22":{"start":{"line":23,"column":0},"end":{"line":23,"column":17}},"23":{"start":{"line":24,"column":0},"end":{"line":24,"column":11}},"24":{"start":{"line":25,"column":0},"end":{"line":25,"column":20}},"25":{"start":{"line":26,"column":0},"end":{"line":26,"column":14}},"26":{"start":{"line":27,"column":0},"end":{"line":27,"column":4}},"27":{"start":{"line":28,"column":0},"end":{"line":28,"column":15}},"28":{"start":{"line":29,"column":0},"end":{"line":29,"column":36}},"29":{"start":{"line":30,"column":0},"end":{"line":30,"column":65}},"30":{"start":{"line":31,"column":0},"end":{"line":31,"column":11}},"31":{"start":{"line":32,"column":0},"end":{"line":32,"column":13}},"32":{"start":{"line":33,"column":0},"end":{"line":33,"column":15}},"33":{"start":{"line":34,"column":0},"end":{"line":34,"column":24}},"34":{"start":{"line":35,"column":0},"end":{"line":35,"column":15}},"35":{"start":{"line":36,"column":0},"end":{"line":36,"column":18}},"36":{"start":{"line":37,"column":0},"end":{"line":37,"column":16}},"37":{"start":{"line":38,"column":0},"end":{"line":38,"column":19}},"38":{"start":{"line":39,"column":0},"end":{"line":39,"column":15}},"39":{"start":{"line":40,"column":0},"end":{"line":40,"column":20}},"40":{"start":{"line":41,"column":0},"end":{"line":41,"column":8}},"41":{"start":{"line":42,"column":0},"end":{"line":42,"column":6}},"42":{"start":{"line":43,"column":0},"end":{"line":43,"column":28}},"43":{"start":{"line":44,"column":0},"end":{"line":44,"column":20}},"44":{"start":{"line":45,"column":0},"end":{"line":45,"column":14}},"45":{"start":{"line":46,"column":0},"end":{"line":46,"column":15}},"46":{"start":{"line":47,"column":0},"end":{"line":47,"column":17}},"47":{"start":{"line":48,"column":0},"end":{"line":48,"column":26}},"48":{"start":{"line":49,"column":0},"end":{"line":49,"column":32}},"49":{"start":{"line":50,"column":0},"end":{"line":50,"column":29}},"50":{"start":{"line":51,"column":0},"end":{"line":51,"column":32}},"51":{"start":{"line":52,"column":0},"end":{"line":52,"column":24}},"52":{"start":{"line":53,"column":0},"end":{"line":53,"column":24}},"53":{"start":{"line":54,"column":0},"end":{"line":54,"column":27}},"54":{"start":{"line":55,"column":0},"end":{"line":55,"column":24}},"55":{"start":{"line":56,"column":0},"end":{"line":56,"column":21}},"56":{"start":{"line":57,"column":0},"end":{"line":57,"column":17}},"57":{"start":{"line":58,"column":0},"end":{"line":58,"column":10}},"58":{"start":{"line":59,"column":0},"end":{"line":59,"column":8}},"59":{"start":{"line":60,"column":0},"end":{"line":60,"column":18}},"60":{"start":{"line":61,"column":0},"end":{"line":61,"column":6}},"61":{"start":{"line":62,"column":0},"end":{"line":62,"column":69}},"62":{"start":{"line":63,"column":0},"end":{"line":63,"column":74}},"63":{"start":{"line":64,"column":0},"end":{"line":64,"column":32}},"64":{"start":{"line":65,"column":0},"end":{"line":65,"column":4}},"69":{"start":{"line":70,"column":0},"end":{"line":70,"column":30}},"70":{"start":{"line":71,"column":0},"end":{"line":71,"column":11}},"78":{"start":{"line":79,"column":0},"end":{"line":79,"column":76}},"80":{"start":{"line":81,"column":0},"end":{"line":81,"column":65}},"81":{"start":{"line":82,"column":0},"end":{"line":82,"column":69}},"82":{"start":{"line":83,"column":0},"end":{"line":83,"column":1}}},"s":{"13":1,"14":1,"15":1,"16":1,"17":1,"18":1,"19":1,"20":1,"21":1,"22":1,"23":1,"24":1,"25":1,"26":1,"27":1,"28":1,"29":1,"30":1,"31":1,"32":1,"33":1,"34":1,"35":1,"36":1,"37":1,"38":1,"39":1,"40":1,"41":1,"42":1,"43":1,"44":1,"45":1,"46":1,"47":1,"48":1,"49":1,"50":1,"51":1,"52":1,"53":1,"54":1,"55":1,"56":1,"57":1,"58":1,"59":1,"60":1,"61":1,"62":1,"63":1,"64":1,"69":1,"70":1,"78":1,"80":1,"81":4,"82":4},"branchMap":{"0":{"type":"branch","line":81,"loc":{"start":{"line":81,"column":7},"end":{"line":83,"column":1}},"locations":[{"start":{"line":81,"column":7},"end":{"line":83,"column":1}}]},"1":{"type":"branch","line":82,"loc":{"start":{"line":82,"column":22},"end":{"line":82,"column":69}},"locations":[{"start":{"line":82,"column":22},"end":{"line":82,"column":69}}]}},"b":{"0":[4],"1":[2]},"fnMap":{"0":{"name":"isSupportedUcmVersion","decl":{"start":{"line":81,"column":7},"end":{"line":83,"column":1}},"loc":{"start":{"line":81,"column":7},"end":{"line":83,"column":1}},"line":81}},"f":{"0":4}}
,"/Users/lmatos/Workspace/nexus/packages/ucm-schema/ts/src/types.ts": {"path":"/Users/lmatos/Workspace/nexus/packages/ucm-schema/ts/src/types.ts","all":false,"statementMap":{"0":{"start":{"line":1,"column":0},"end":{"line":1,"column":3}},"13":{"start":{"line":14,"column":0},"end":{"line":14,"column":44}},"17":{"start":{"line":18,"column":0},"end":{"line":18,"column":19}},"18":{"start":{"line":19,"column":0},"end":{"line":19,"column":11}},"19":{"start":{"line":20,"column":0},"end":{"line":20,"column":9}},"20":{"start":{"line":21,"column":0},"end":{"line":21,"column":11}},"21":{"start":{"line":22,"column":0},"end":{"line":22,"column":74}},"23":{"start":{"line":24,"column":0},"end":{"line":24,"column":56}},"24":{"start":{"line":25,"column":0},"end":{"line":25,"column":22}},"25":{"start":{"line":26,"column":0},"end":{"line":26,"column":11}},"26":{"start":{"line":27,"column":0},"end":{"line":27,"column":9}},"27":{"start":{"line":28,"column":0},"end":{"line":28,"column":12}},"28":{"start":{"line":29,"column":0},"end":{"line":29,"column":12}},"29":{"start":{"line":30,"column":0},"end":{"line":30,"column":104}},"30":{"start":{"line":31,"column":0},"end":{"line":31,"column":4}},"32":{"start":{"line":33,"column":0},"end":{"line":33,"column":63}},"34":{"start":{"line":35,"column":0},"end":{"line":35,"column":30}},"35":{"start":{"line":36,"column":0},"end":{"line":36,"column":9}},"36":{"start":{"line":37,"column":0},"end":{"line":37,"column":18}},"37":{"start":{"line":38,"column":0},"end":{"line":38,"column":24}},"38":{"start":{"line":39,"column":0},"end":{"line":39,"column":21}},"39":{"start":{"line":40,"column":0},"end":{"line":40,"column":24}},"40":{"start":{"line":41,"column":0},"end":{"line":41,"column":16}},"41":{"start":{"line":42,"column":0},"end":{"line":42,"column":16}},"42":{"start":{"line":43,"column":0},"end":{"line":43,"column":19}},"43":{"start":{"line":44,"column":0},"end":{"line":44,"column":16}},"44":{"start":{"line":45,"column":0},"end":{"line":45,"column":13}},"45":{"start":{"line":46,"column":0},"end":{"line":46,"column":9}},"46":{"start":{"line":47,"column":0},"end":{"line":47,"column":3}},"51":{"start":{"line":52,"column":0},"end":{"line":52,"column":21}},"52":{"start":{"line":53,"column":0},"end":{"line":53,"column":11}},"53":{"start":{"line":54,"column":0},"end":{"line":54,"column":30}},"54":{"start":{"line":55,"column":0},"end":{"line":55,"column":59}},"55":{"start":{"line":56,"column":0},"end":{"line":56,"column":4}},"56":{"start":{"line":57,"column":0},"end":{"line":57,"column":12}},"58":{"start":{"line":59,"column":0},"end":{"line":59,"column":26}},"59":{"start":{"line":60,"column":0},"end":{"line":60,"column":11}},"60":{"start":{"line":61,"column":0},"end":{"line":61,"column":35}},"61":{"start":{"line":62,"column":0},"end":{"line":62,"column":37}},"62":{"start":{"line":63,"column":0},"end":{"line":63,"column":4}},"63":{"start":{"line":64,"column":0},"end":{"line":64,"column":12}},"65":{"start":{"line":66,"column":0},"end":{"line":66,"column":29}},"66":{"start":{"line":67,"column":0},"end":{"line":67,"column":11}},"67":{"start":{"line":68,"column":0},"end":{"line":68,"column":30}},"68":{"start":{"line":69,"column":0},"end":{"line":69,"column":54}},"69":{"start":{"line":70,"column":0},"end":{"line":70,"column":4}},"70":{"start":{"line":71,"column":0},"end":{"line":71,"column":12}},"72":{"start":{"line":73,"column":0},"end":{"line":73,"column":17}},"73":{"start":{"line":74,"column":0},"end":{"line":74,"column":11}},"74":{"start":{"line":75,"column":0},"end":{"line":75,"column":35}},"75":{"start":{"line":76,"column":0},"end":{"line":76,"column":37}},"76":{"start":{"line":77,"column":0},"end":{"line":77,"column":47}},"77":{"start":{"line":78,"column":0},"end":{"line":78,"column":4}},"78":{"start":{"line":79,"column":0},"end":{"line":79,"column":12}},"80":{"start":{"line":81,"column":0},"end":{"line":81,"column":21}},"81":{"start":{"line":82,"column":0},"end":{"line":82,"column":11}},"82":{"start":{"line":83,"column":0},"end":{"line":83,"column":37}},"83":{"start":{"line":84,"column":0},"end":{"line":84,"column":42}},"84":{"start":{"line":85,"column":0},"end":{"line":85,"column":4}},"85":{"start":{"line":86,"column":0},"end":{"line":86,"column":12}},"87":{"start":{"line":88,"column":0},"end":{"line":88,"column":21}},"88":{"start":{"line":89,"column":0},"end":{"line":89,"column":11}},"89":{"start":{"line":90,"column":0},"end":{"line":90,"column":30}},"90":{"start":{"line":91,"column":0},"end":{"line":91,"column":42}},"91":{"start":{"line":92,"column":0},"end":{"line":92,"column":42}},"92":{"start":{"line":93,"column":0},"end":{"line":93,"column":43}},"93":{"start":{"line":94,"column":0},"end":{"line":94,"column":50}},"94":{"start":{"line":95,"column":0},"end":{"line":95,"column":4}},"95":{"start":{"line":96,"column":0},"end":{"line":96,"column":12}},"97":{"start":{"line":98,"column":0},"end":{"line":98,"column":23}},"98":{"start":{"line":99,"column":0},"end":{"line":99,"column":11}},"99":{"start":{"line":100,"column":0},"end":{"line":100,"column":30}},"100":{"start":{"line":101,"column":0},"end":{"line":101,"column":44}},"101":{"start":{"line":102,"column":0},"end":{"line":102,"column":26}},"102":{"start":{"line":103,"column":0},"end":{"line":103,"column":4}},"103":{"start":{"line":104,"column":0},"end":{"line":104,"column":12}},"105":{"start":{"line":106,"column":0},"end":{"line":106,"column":66}},"108":{"start":{"line":109,"column":0},"end":{"line":109,"column":22}},"109":{"start":{"line":110,"column":0},"end":{"line":110,"column":11}},"110":{"start":{"line":111,"column":0},"end":{"line":111,"column":20}},"111":{"start":{"line":112,"column":0},"end":{"line":112,"column":26}},"112":{"start":{"line":113,"column":0},"end":{"line":113,"column":45}},"113":{"start":{"line":114,"column":0},"end":{"line":114,"column":45}},"114":{"start":{"line":115,"column":0},"end":{"line":115,"column":46}},"115":{"start":{"line":116,"column":0},"end":{"line":116,"column":4}},"116":{"start":{"line":117,"column":0},"end":{"line":117,"column":12}},"118":{"start":{"line":119,"column":0},"end":{"line":119,"column":25}},"119":{"start":{"line":120,"column":0},"end":{"line":120,"column":11}},"120":{"start":{"line":121,"column":0},"end":{"line":121,"column":42}},"121":{"start":{"line":122,"column":0},"end":{"line":122,"column":45}},"122":{"start":{"line":123,"column":0},"end":{"line":123,"column":41}},"123":{"start":{"line":124,"column":0},"end":{"line":124,"column":44}},"124":{"start":{"line":125,"column":0},"end":{"line":125,"column":4}},"125":{"start":{"line":126,"column":0},"end":{"line":126,"column":12}},"127":{"start":{"line":128,"column":0},"end":{"line":128,"column":21}},"128":{"start":{"line":129,"column":0},"end":{"line":129,"column":11}},"129":{"start":{"line":130,"column":0},"end":{"line":130,"column":40}},"130":{"start":{"line":131,"column":0},"end":{"line":131,"column":42}},"131":{"start":{"line":132,"column":0},"end":{"line":132,"column":47}},"132":{"start":{"line":133,"column":0},"end":{"line":133,"column":47}},"133":{"start":{"line":134,"column":0},"end":{"line":134,"column":43}},"134":{"start":{"line":135,"column":0},"end":{"line":135,"column":42}},"135":{"start":{"line":136,"column":0},"end":{"line":136,"column":55}},"136":{"start":{"line":137,"column":0},"end":{"line":137,"column":4}},"137":{"start":{"line":138,"column":0},"end":{"line":138,"column":12}},"141":{"start":{"line":142,"column":0},"end":{"line":142,"column":22}},"142":{"start":{"line":143,"column":0},"end":{"line":143,"column":38}},"143":{"start":{"line":144,"column":0},"end":{"line":144,"column":24}},"144":{"start":{"line":145,"column":0},"end":{"line":145,"column":60}},"145":{"start":{"line":146,"column":0},"end":{"line":146,"column":30}},"146":{"start":{"line":147,"column":0},"end":{"line":147,"column":21}},"147":{"start":{"line":148,"column":0},"end":{"line":148,"column":2}},"149":{"start":{"line":150,"column":0},"end":{"line":150,"column":24}},"150":{"start":{"line":151,"column":0},"end":{"line":151,"column":11}},"151":{"start":{"line":152,"column":0},"end":{"line":152,"column":20}},"152":{"start":{"line":153,"column":0},"end":{"line":153,"column":28}},"153":{"start":{"line":154,"column":0},"end":{"line":154,"column":25}},"154":{"start":{"line":155,"column":0},"end":{"line":155,"column":4}},"155":{"start":{"line":156,"column":0},"end":{"line":156,"column":12}},"157":{"start":{"line":158,"column":0},"end":{"line":158,"column":32}},"158":{"start":{"line":159,"column":0},"end":{"line":159,"column":11}},"159":{"start":{"line":160,"column":0},"end":{"line":160,"column":20}},"160":{"start":{"line":161,"column":0},"end":{"line":161,"column":37}},"161":{"start":{"line":162,"column":0},"end":{"line":162,"column":33}},"162":{"start":{"line":163,"column":0},"end":{"line":163,"column":4}},"163":{"start":{"line":164,"column":0},"end":{"line":164,"column":12}},"165":{"start":{"line":166,"column":0},"end":{"line":166,"column":24}},"166":{"start":{"line":167,"column":0},"end":{"line":167,"column":11}},"167":{"start":{"line":168,"column":0},"end":{"line":168,"column":20}},"168":{"start":{"line":169,"column":0},"end":{"line":169,"column":28}},"169":{"start":{"line":170,"column":0},"end":{"line":170,"column":25}},"170":{"start":{"line":171,"column":0},"end":{"line":171,"column":4}},"171":{"start":{"line":172,"column":0},"end":{"line":172,"column":12}},"173":{"start":{"line":174,"column":0},"end":{"line":174,"column":26}},"174":{"start":{"line":175,"column":0},"end":{"line":175,"column":11}},"175":{"start":{"line":176,"column":0},"end":{"line":176,"column":20}},"176":{"start":{"line":177,"column":0},"end":{"line":177,"column":31}},"177":{"start":{"line":178,"column":0},"end":{"line":178,"column":27}},"178":{"start":{"line":179,"column":0},"end":{"line":179,"column":4}},"179":{"start":{"line":180,"column":0},"end":{"line":180,"column":12}},"181":{"start":{"line":182,"column":0},"end":{"line":182,"column":25}},"182":{"start":{"line":183,"column":0},"end":{"line":183,"column":11}},"183":{"start":{"line":184,"column":0},"end":{"line":184,"column":20}},"184":{"start":{"line":185,"column":0},"end":{"line":185,"column":29}},"185":{"start":{"line":186,"column":0},"end":{"line":186,"column":26}},"186":{"start":{"line":187,"column":0},"end":{"line":187,"column":4}},"187":{"start":{"line":188,"column":0},"end":{"line":188,"column":12}},"189":{"start":{"line":190,"column":0},"end":{"line":190,"column":28}},"190":{"start":{"line":191,"column":0},"end":{"line":191,"column":11}},"191":{"start":{"line":192,"column":0},"end":{"line":192,"column":20}},"192":{"start":{"line":193,"column":0},"end":{"line":193,"column":32}},"193":{"start":{"line":194,"column":0},"end":{"line":194,"column":29}},"194":{"start":{"line":195,"column":0},"end":{"line":195,"column":4}},"195":{"start":{"line":196,"column":0},"end":{"line":196,"column":12}},"197":{"start":{"line":198,"column":0},"end":{"line":198,"column":24}},"198":{"start":{"line":199,"column":0},"end":{"line":199,"column":11}},"199":{"start":{"line":200,"column":0},"end":{"line":200,"column":20}},"200":{"start":{"line":201,"column":0},"end":{"line":201,"column":28}},"201":{"start":{"line":202,"column":0},"end":{"line":202,"column":25}},"202":{"start":{"line":203,"column":0},"end":{"line":203,"column":4}},"203":{"start":{"line":204,"column":0},"end":{"line":204,"column":12}},"229":{"start":{"line":230,"column":0},"end":{"line":230,"column":77}},"230":{"start":{"line":231,"column":0},"end":{"line":231,"column":14}},"231":{"start":{"line":232,"column":0},"end":{"line":232,"column":34}},"232":{"start":{"line":233,"column":0},"end":{"line":233,"column":14}},"233":{"start":{"line":234,"column":0},"end":{"line":234,"column":22}},"234":{"start":{"line":235,"column":0},"end":{"line":235,"column":14}},"235":{"start":{"line":236,"column":0},"end":{"line":236,"column":16}},"236":{"start":{"line":237,"column":0},"end":{"line":237,"column":15}},"237":{"start":{"line":238,"column":0},"end":{"line":238,"column":18}},"238":{"start":{"line":239,"column":0},"end":{"line":239,"column":14}},"239":{"start":{"line":240,"column":0},"end":{"line":240,"column":19}},"240":{"start":{"line":241,"column":0},"end":{"line":241,"column":7}},"241":{"start":{"line":242,"column":0},"end":{"line":242,"column":4}},"243":{"start":{"line":244,"column":0},"end":{"line":244,"column":29}},"244":{"start":{"line":245,"column":0},"end":{"line":245,"column":11}},"245":{"start":{"line":246,"column":0},"end":{"line":246,"column":20}},"246":{"start":{"line":247,"column":0},"end":{"line":247,"column":33}},"247":{"start":{"line":248,"column":0},"end":{"line":248,"column":14}},"248":{"start":{"line":249,"column":0},"end":{"line":249,"column":15}},"249":{"start":{"line":250,"column":0},"end":{"line":250,"column":59}},"250":{"start":{"line":251,"column":0},"end":{"line":251,"column":8}},"251":{"start":{"line":252,"column":0},"end":{"line":252,"column":16}},"252":{"start":{"line":253,"column":0},"end":{"line":253,"column":4}},"253":{"start":{"line":254,"column":0},"end":{"line":254,"column":12}},"257":{"start":{"line":258,"column":0},"end":{"line":258,"column":46}},"258":{"start":{"line":259,"column":0},"end":{"line":259,"column":9}},"259":{"start":{"line":260,"column":0},"end":{"line":260,"column":18}},"260":{"start":{"line":261,"column":0},"end":{"line":261,"column":9}},"261":{"start":{"line":262,"column":0},"end":{"line":262,"column":12}},"262":{"start":{"line":263,"column":0},"end":{"line":263,"column":10}},"263":{"start":{"line":264,"column":0},"end":{"line":264,"column":13}},"264":{"start":{"line":265,"column":0},"end":{"line":265,"column":9}},"265":{"start":{"line":266,"column":0},"end":{"line":266,"column":14}},"266":{"start":{"line":267,"column":0},"end":{"line":267,"column":11}}},"s":{"0":1,"13":1,"17":1,"18":1,"19":1,"20":1,"21":1,"23":1,"24":1,"25":1,"26":1,"27":1,"28":1,"29":1,"30":1,"32":1,"34":1,"35":1,"36":1,"37":1,"38":1,"39":1,"40":1,"41":1,"42":1,"43":1,"44":1,"45":1,"46":1,"51":1,"52":1,"53":1,"54":1,"55":1,"56":1,"58":1,"59":1,"60":1,"61":1,"62":1,"63":1,"65":1,"66":1,"67":1,"68":1,"69":1,"70":1,"72":1,"73":1,"74":1,"75":1,"76":1,"77":1,"78":1,"80":1,"81":1,"82":1,"83":1,"84":1,"85":1,"87":1,"88":1,"89":1,"90":1,"91":1,"92":1,"93":1,"94":1,"95":1,"97":1,"98":1,"99":1,"100":1,"101":1,"102":1,"103":1,"105":1,"108":1,"109":1,"110":1,"111":1,"112":1,"113":1,"114":1,"115":1,"116":1,"118":1,"119":1,"120":1,"121":1,"122":1,"123":1,"124":1,"125":1,"127":1,"128":1,"129":1,"130":1,"131":1,"132":1,"133":1,"134":1,"135":1,"136":1,"137":1,"141":1,"142":1,"143":1,"144":1,"145":1,"146":1,"147":1,"149":1,"150":1,"151":1,"152":1,"153":1,"154":1,"155":1,"157":1,"158":1,"159":1,"160":1,"161":1,"162":1,"163":1,"165":1,"166":1,"167":1,"168":1,"169":1,"170":1,"171":1,"173":1,"174":1,"175":1,"176":1,"177":1,"178":1,"179":1,"181":1,"182":1,"183":1,"184":1,"185":1,"186":1,"187":1,"189":1,"190":1,"191":1,"192":1,"193":1,"194":1,"195":1,"197":1,"198":1,"199":1,"200":1,"201":1,"202":1,"203":1,"229":1,"230":1,"231":85,"232":85,"233":85,"234":85,"235":85,"236":85,"237":85,"238":85,"239":85,"240":85,"241":1,"243":1,"244":1,"245":1,"246":1,"247":1,"248":1,"249":1,"250":1,"251":1,"252":1,"253":1,"257":1,"258":1,"259":1,"260":1,"261":1,"262":1,"263":1,"264":1,"265":1,"266":1},"branchMap":{"0":{"type":"branch","line":231,"loc":{"start":{"line":231,"column":9},"end":{"line":241,"column":7}},"locations":[{"start":{"line":231,"column":9},"end":{"line":241,"column":7}}]}},"b":{"0":[85]},"fnMap":{},"f":{}}
,"/Users/lmatos/Workspace/nexus/packages/ucm-schema/ts/src/channels/capabilities.ts": {"path":"/Users/lmatos/Workspace/nexus/packages/ucm-schema/ts/src/channels/capabilities.ts","all":false,"statementMap":{"45":{"start":{"line":46,"column":0},"end":{"line":46,"column":69}},"46":{"start":{"line":47,"column":0},"end":{"line":47,"column":16}},"49":{"start":{"line":50,"column":0},"end":{"line":50,"column":36}},"50":{"start":{"line":51,"column":0},"end":{"line":51,"column":14}},"51":{"start":{"line":52,"column":0},"end":{"line":52,"column":20}},"52":{"start":{"line":53,"column":0},"end":{"line":53,"column":11}},"53":{"start":{"line":54,"column":0},"end":{"line":54,"column":20}},"54":{"start":{"line":55,"column":0},"end":{"line":55,"column":26}},"55":{"start":{"line":56,"column":0},"end":{"line":56,"column":23}},"56":{"start":{"line":57,"column":0},"end":{"line":57,"column":26}},"57":{"start":{"line":58,"column":0},"end":{"line":58,"column":18}},"58":{"start":{"line":59,"column":0},"end":{"line":59,"column":18}},"59":{"start":{"line":60,"column":0},"end":{"line":60,"column":21}},"60":{"start":{"line":61,"column":0},"end":{"line":61,"column":18}},"61":{"start":{"line":62,"column":0},"end":{"line":62,"column":15}},"62":{"start":{"line":63,"column":0},"end":{"line":63,"column":11}},"63":{"start":{"line":64,"column":0},"end":{"line":64,"column":4}},"64":{"start":{"line":65,"column":0},"end":{"line":65,"column":11}},"65":{"start":{"line":66,"column":0},"end":{"line":66,"column":27}},"66":{"start":{"line":67,"column":0},"end":{"line":67,"column":25}},"67":{"start":{"line":68,"column":0},"end":{"line":68,"column":4}},"68":{"start":{"line":69,"column":0},"end":{"line":69,"column":2}},"72":{"start":{"line":73,"column":0},"end":{"line":73,"column":41}},"73":{"start":{"line":74,"column":0},"end":{"line":74,"column":19}},"74":{"start":{"line":75,"column":0},"end":{"line":75,"column":20}},"75":{"start":{"line":76,"column":0},"end":{"line":76,"column":11}},"79":{"start":{"line":80,"column":0},"end":{"line":80,"column":26}},"80":{"start":{"line":81,"column":0},"end":{"line":81,"column":23}},"81":{"start":{"line":82,"column":0},"end":{"line":82,"column":26}},"82":{"start":{"line":83,"column":0},"end":{"line":83,"column":18}},"83":{"start":{"line":84,"column":0},"end":{"line":84,"column":18}},"84":{"start":{"line":85,"column":0},"end":{"line":85,"column":21}},"85":{"start":{"line":86,"column":0},"end":{"line":86,"column":18}},"86":{"start":{"line":87,"column":0},"end":{"line":87,"column":15}},"87":{"start":{"line":88,"column":0},"end":{"line":88,"column":11}},"88":{"start":{"line":89,"column":0},"end":{"line":89,"column":4}},"89":{"start":{"line":90,"column":0},"end":{"line":90,"column":11}},"90":{"start":{"line":91,"column":0},"end":{"line":91,"column":30}},"91":{"start":{"line":92,"column":0},"end":{"line":92,"column":34}},"92":{"start":{"line":93,"column":0},"end":{"line":93,"column":25}},"93":{"start":{"line":94,"column":0},"end":{"line":94,"column":29}},"94":{"start":{"line":95,"column":0},"end":{"line":95,"column":35}},"95":{"start":{"line":96,"column":0},"end":{"line":96,"column":31}},"96":{"start":{"line":97,"column":0},"end":{"line":97,"column":34}},"97":{"start":{"line":98,"column":0},"end":{"line":98,"column":27}},"98":{"start":{"line":99,"column":0},"end":{"line":99,"column":25}},"99":{"start":{"line":100,"column":0},"end":{"line":100,"column":4}},"100":{"start":{"line":101,"column":0},"end":{"line":101,"column":2}},"103":{"start":{"line":104,"column":0},"end":{"line":104,"column":42}},"104":{"start":{"line":105,"column":0},"end":{"line":105,"column":20}},"105":{"start":{"line":106,"column":0},"end":{"line":106,"column":20}},"106":{"start":{"line":107,"column":0},"end":{"line":107,"column":11}},"107":{"start":{"line":108,"column":0},"end":{"line":108,"column":26}},"108":{"start":{"line":109,"column":0},"end":{"line":109,"column":18}},"109":{"start":{"line":110,"column":0},"end":{"line":110,"column":18}},"110":{"start":{"line":111,"column":0},"end":{"line":111,"column":4}},"111":{"start":{"line":112,"column":0},"end":{"line":112,"column":11}},"112":{"start":{"line":113,"column":0},"end":{"line":113,"column":31}},"113":{"start":{"line":114,"column":0},"end":{"line":114,"column":34}},"114":{"start":{"line":115,"column":0},"end":{"line":115,"column":27}},"115":{"start":{"line":116,"column":0},"end":{"line":116,"column":25}},"116":{"start":{"line":117,"column":0},"end":{"line":117,"column":4}},"117":{"start":{"line":118,"column":0},"end":{"line":118,"column":2}},"120":{"start":{"line":121,"column":0},"end":{"line":121,"column":42}},"121":{"start":{"line":122,"column":0},"end":{"line":122,"column":20}},"122":{"start":{"line":123,"column":0},"end":{"line":123,"column":20}},"123":{"start":{"line":124,"column":0},"end":{"line":124,"column":11}},"124":{"start":{"line":125,"column":0},"end":{"line":125,"column":26}},"125":{"start":{"line":126,"column":0},"end":{"line":126,"column":26}},"126":{"start":{"line":127,"column":0},"end":{"line":127,"column":18}},"127":{"start":{"line":128,"column":0},"end":{"line":128,"column":18}},"128":{"start":{"line":129,"column":0},"end":{"line":129,"column":18}},"129":{"start":{"line":130,"column":0},"end":{"line":130,"column":21}},"130":{"start":{"line":131,"column":0},"end":{"line":131,"column":4}},"131":{"start":{"line":132,"column":0},"end":{"line":132,"column":11}},"132":{"start":{"line":133,"column":0},"end":{"line":133,"column":31}},"133":{"start":{"line":134,"column":0},"end":{"line":134,"column":34}},"134":{"start":{"line":135,"column":0},"end":{"line":135,"column":34}},"135":{"start":{"line":136,"column":0},"end":{"line":136,"column":27}},"136":{"start":{"line":137,"column":0},"end":{"line":137,"column":25}},"137":{"start":{"line":138,"column":0},"end":{"line":138,"column":4}},"138":{"start":{"line":139,"column":0},"end":{"line":139,"column":2}},"142":{"start":{"line":143,"column":0},"end":{"line":143,"column":38}},"143":{"start":{"line":144,"column":0},"end":{"line":144,"column":16}},"144":{"start":{"line":145,"column":0},"end":{"line":145,"column":28}},"145":{"start":{"line":146,"column":0},"end":{"line":146,"column":11}},"146":{"start":{"line":147,"column":0},"end":{"line":147,"column":26}},"147":{"start":{"line":148,"column":0},"end":{"line":148,"column":25}},"148":{"start":{"line":149,"column":0},"end":{"line":149,"column":4}},"149":{"start":{"line":150,"column":0},"end":{"line":150,"column":2}},"151":{"start":{"line":152,"column":0},"end":{"line":152,"column":72}},"152":{"start":{"line":153,"column":0},"end":{"line":153,"column":11}},"153":{"start":{"line":154,"column":0},"end":{"line":154,"column":21}},"154":{"start":{"line":155,"column":0},"end":{"line":155,"column":23}},"155":{"start":{"line":156,"column":0},"end":{"line":156,"column":23}},"156":{"start":{"line":157,"column":0},"end":{"line":157,"column":15}},"157":{"start":{"line":158,"column":0},"end":{"line":158,"column":2}},"159":{"start":{"line":160,"column":0},"end":{"line":160,"column":63}},"160":{"start":{"line":161,"column":0},"end":{"line":161,"column":33}},"161":{"start":{"line":162,"column":0},"end":{"line":162,"column":17}},"162":{"start":{"line":163,"column":0},"end":{"line":163,"column":48}},"163":{"start":{"line":164,"column":0},"end":{"line":164,"column":3}},"164":{"start":{"line":165,"column":0},"end":{"line":165,"column":17}},"165":{"start":{"line":166,"column":0},"end":{"line":166,"column":1}},"167":{"start":{"line":168,"column":0},"end":{"line":168,"column":32}},"168":{"start":{"line":169,"column":0},"end":{"line":169,"column":26}},"169":{"start":{"line":170,"column":0},"end":{"line":170,"column":28}},"170":{"start":{"line":171,"column":0},"end":{"line":171,"column":12}},"171":{"start":{"line":172,"column":0},"end":{"line":172,"column":46}},"172":{"start":{"line":173,"column":0},"end":{"line":173,"column":1}},"181":{"start":{"line":182,"column":0},"end":{"line":182,"column":34}},"182":{"start":{"line":183,"column":0},"end":{"line":183,"column":15}},"183":{"start":{"line":184,"column":0},"end":{"line":184,"column":35}},"184":{"start":{"line":185,"column":0},"end":{"line":185,"column":20}},"185":{"start":{"line":186,"column":0},"end":{"line":186,"column":17}},"186":{"start":{"line":187,"column":0},"end":{"line":187,"column":18}},"187":{"start":{"line":188,"column":0},"end":{"line":188,"column":17}},"188":{"start":{"line":189,"column":0},"end":{"line":189,"column":71}},"189":{"start":{"line":190,"column":0},"end":{"line":190,"column":71}},"190":{"start":{"line":191,"column":0},"end":{"line":191,"column":5}},"191":{"start":{"line":192,"column":0},"end":{"line":192,"column":25}},"192":{"start":{"line":193,"column":0},"end":{"line":193,"column":37}},"193":{"start":{"line":194,"column":0},"end":{"line":194,"column":16}},"194":{"start":{"line":195,"column":0},"end":{"line":195,"column":34}},"195":{"start":{"line":196,"column":0},"end":{"line":196,"column":19}},"196":{"start":{"line":197,"column":0},"end":{"line":197,"column":37}},"197":{"start":{"line":198,"column":0},"end":{"line":198,"column":19}},"198":{"start":{"line":199,"column":0},"end":{"line":199,"column":52}},"199":{"start":{"line":200,"column":0},"end":{"line":200,"column":48}},"200":{"start":{"line":201,"column":0},"end":{"line":201,"column":5}},"201":{"start":{"line":202,"column":0},"end":{"line":202,"column":20}},"202":{"start":{"line":203,"column":0},"end":{"line":203,"column":26}},"203":{"start":{"line":204,"column":0},"end":{"line":204,"column":16}},"204":{"start":{"line":205,"column":0},"end":{"line":205,"column":22}},"205":{"start":{"line":206,"column":0},"end":{"line":206,"column":21}},"206":{"start":{"line":207,"column":0},"end":{"line":207,"column":16}},"207":{"start":{"line":208,"column":0},"end":{"line":208,"column":12}},"208":{"start":{"line":209,"column":0},"end":{"line":209,"column":16}},"209":{"start":{"line":210,"column":0},"end":{"line":210,"column":3}},"210":{"start":{"line":211,"column":0},"end":{"line":211,"column":1}}},"s":{"45":1,"46":20,"49":1,"50":1,"51":1,"52":1,"53":1,"54":1,"55":1,"56":1,"57":1,"58":1,"59":1,"60":1,"61":1,"62":1,"63":1,"64":1,"65":1,"66":1,"67":1,"68":1,"72":1,"73":1,"74":1,"75":1,"79":1,"80":1,"81":1,"82":1,"83":1,"84":1,"85":1,"86":1,"87":1,"88":1,"89":1,"90":1,"91":1,"92":1,"93":1,"94":1,"95":1,"96":1,"97":1,"98":1,"99":1,"100":1,"103":1,"104":1,"105":1,"106":1,"107":1,"108":1,"109":1,"110":1,"111":1,"112":1,"113":1,"114":1,"115":1,"116":1,"117":1,"120":1,"121":1,"122":1,"123":1,"124":1,"125":1,"126":1,"127":1,"128":1,"129":1,"130":1,"131":1,"132":1,"133":1,"134":1,"135":1,"136":1,"137":1,"138":1,"142":1,"143":1,"144":1,"145":1,"146":1,"147":1,"148":1,"149":1,"151":1,"152":1,"153":1,"154":1,"155":1,"156":1,"157":1,"159":1,"160":40,"161":40,"162":1,"163":1,"164":39,"165":39,"167":1,"168":64,"169":64,"170":64,"171":64,"172":64,"181":1,"182":75,"183":75,"184":75,"185":75,"186":75,"187":17,"188":17,"189":17,"190":17,"191":75,"192":13,"193":75,"194":10,"195":75,"196":7,"197":75,"198":6,"199":6,"200":6,"201":75,"202":4,"203":75,"204":11,"205":75,"206":6,"207":75,"208":1,"209":75,"210":75},"branchMap":{"0":{"type":"branch","line":46,"loc":{"start":{"line":46,"column":12},"end":{"line":47,"column":16}},"locations":[{"start":{"line":46,"column":12},"end":{"line":47,"column":16}}]},"1":{"type":"branch","line":160,"loc":{"start":{"line":160,"column":7},"end":{"line":166,"column":1}},"locations":[{"start":{"line":160,"column":7},"end":{"line":166,"column":1}}]},"2":{"type":"branch","line":162,"loc":{"start":{"line":162,"column":16},"end":{"line":164,"column":3}},"locations":[{"start":{"line":162,"column":16},"end":{"line":164,"column":3}}]},"3":{"type":"branch","line":164,"loc":{"start":{"line":164,"column":2},"end":{"line":166,"column":1}},"locations":[{"start":{"line":164,"column":2},"end":{"line":166,"column":1}}]},"4":{"type":"branch","line":168,"loc":{"start":{"line":168,"column":7},"end":{"line":173,"column":1}},"locations":[{"start":{"line":168,"column":7},"end":{"line":173,"column":1}}]},"5":{"type":"branch","line":182,"loc":{"start":{"line":182,"column":7},"end":{"line":211,"column":1}},"locations":[{"start":{"line":182,"column":7},"end":{"line":211,"column":1}}]},"6":{"type":"branch","line":187,"loc":{"start":{"line":187,"column":4},"end":{"line":191,"column":5}},"locations":[{"start":{"line":187,"column":4},"end":{"line":191,"column":5}}]},"7":{"type":"branch","line":189,"loc":{"start":{"line":189,"column":54},"end":{"line":189,"column":71}},"locations":[{"start":{"line":189,"column":54},"end":{"line":189,"column":71}}]},"8":{"type":"branch","line":190,"loc":{"start":{"line":190,"column":21},"end":{"line":190,"column":62}},"locations":[{"start":{"line":190,"column":21},"end":{"line":190,"column":62}}]},"9":{"type":"branch","line":190,"loc":{"start":{"line":190,"column":58},"end":{"line":190,"column":71}},"locations":[{"start":{"line":190,"column":58},"end":{"line":190,"column":71}}]},"10":{"type":"branch","line":192,"loc":{"start":{"line":192,"column":4},"end":{"line":193,"column":37}},"locations":[{"start":{"line":192,"column":4},"end":{"line":193,"column":37}}]},"11":{"type":"branch","line":194,"loc":{"start":{"line":194,"column":4},"end":{"line":195,"column":34}},"locations":[{"start":{"line":194,"column":4},"end":{"line":195,"column":34}}]},"12":{"type":"branch","line":196,"loc":{"start":{"line":196,"column":4},"end":{"line":197,"column":37}},"locations":[{"start":{"line":196,"column":4},"end":{"line":197,"column":37}}]},"13":{"type":"branch","line":198,"loc":{"start":{"line":198,"column":4},"end":{"line":201,"column":5}},"locations":[{"start":{"line":198,"column":4},"end":{"line":201,"column":5}}]},"14":{"type":"branch","line":199,"loc":{"start":{"line":199,"column":35},"end":{"line":199,"column":50}},"locations":[{"start":{"line":199,"column":35},"end":{"line":199,"column":50}}]},"15":{"type":"branch","line":202,"loc":{"start":{"line":202,"column":4},"end":{"line":203,"column":26}},"locations":[{"start":{"line":202,"column":4},"end":{"line":203,"column":26}}]},"16":{"type":"branch","line":204,"loc":{"start":{"line":204,"column":4},"end":{"line":205,"column":22}},"locations":[{"start":{"line":204,"column":4},"end":{"line":205,"column":22}}]},"17":{"type":"branch","line":206,"loc":{"start":{"line":206,"column":4},"end":{"line":207,"column":16}},"locations":[{"start":{"line":206,"column":4},"end":{"line":207,"column":16}}]},"18":{"type":"branch","line":208,"loc":{"start":{"line":208,"column":4},"end":{"line":209,"column":16}},"locations":[{"start":{"line":208,"column":4},"end":{"line":209,"column":16}}]}},"b":{"0":[20],"1":[40],"2":[1],"3":[39],"4":[64],"5":[75],"6":[17],"7":[0],"8":[3],"9":[14],"10":[13],"11":[10],"12":[7],"13":[6],"14":[1],"15":[4],"16":[11],"17":[6],"18":[1]},"fnMap":{"0":{"name":"set","decl":{"start":{"line":46,"column":12},"end":{"line":47,"column":16}},"loc":{"start":{"line":46,"column":12},"end":{"line":47,"column":16}},"line":46},"1":{"name":"getChannel","decl":{"start":{"line":160,"column":7},"end":{"line":166,"column":1}},"loc":{"start":{"line":160,"column":7},"end":{"line":166,"column":1}},"line":160},"2":{"name":"channelSupports","decl":{"start":{"line":168,"column":7},"end":{"line":173,"column":1}},"loc":{"start":{"line":168,"column":7},"end":{"line":173,"column":1}},"line":168},"3":{"name":"inferCapabilities","decl":{"start":{"line":182,"column":7},"end":{"line":211,"column":1}},"loc":{"start":{"line":182,"column":7},"end":{"line":211,"column":1}},"line":182}},"f":{"0":20,"1":40,"2":64,"3":75}}
,"/Users/lmatos/Workspace/nexus/packages/ucm-schema/ts/src/validators/index.ts": {"path":"/Users/lmatos/Workspace/nexus/packages/ucm-schema/ts/src/validators/index.ts","all":false,"statementMap":{"0":{"start":{"line":1,"column":0},"end":{"line":1,"column":3}},"40":{"start":{"line":41,"column":0},"end":{"line":41,"column":25}},"41":{"start":{"line":42,"column":0},"end":{"line":42,"column":15}},"42":{"start":{"line":43,"column":0},"end":{"line":43,"column":40}},"43":{"start":{"line":44,"column":0},"end":{"line":44,"column":21}},"44":{"start":{"line":45,"column":0},"end":{"line":45,"column":49}},"45":{"start":{"line":46,"column":0},"end":{"line":46,"column":24}},"46":{"start":{"line":47,"column":0},"end":{"line":47,"column":12}},"47":{"start":{"line":48,"column":0},"end":{"line":48,"column":16}},"48":{"start":{"line":49,"column":0},"end":{"line":49,"column":47}},"49":{"start":{"line":50,"column":0},"end":{"line":50,"column":31}},"50":{"start":{"line":51,"column":0},"end":{"line":51,"column":43}},"51":{"start":{"line":52,"column":0},"end":{"line":52,"column":27}},"52":{"start":{"line":53,"column":0},"end":{"line":53,"column":10}},"53":{"start":{"line":54,"column":0},"end":{"line":54,"column":6}},"54":{"start":{"line":55,"column":0},"end":{"line":55,"column":3}},"55":{"start":{"line":56,"column":0},"end":{"line":56,"column":26}},"56":{"start":{"line":57,"column":0},"end":{"line":57,"column":78}},"57":{"start":{"line":58,"column":0},"end":{"line":58,"column":39}},"58":{"start":{"line":59,"column":0},"end":{"line":59,"column":47}},"59":{"start":{"line":60,"column":0},"end":{"line":60,"column":73}},"60":{"start":{"line":61,"column":0},"end":{"line":61,"column":1}},"62":{"start":{"line":63,"column":0},"end":{"line":63,"column":22}},"63":{"start":{"line":64,"column":0},"end":{"line":64,"column":18}},"64":{"start":{"line":65,"column":0},"end":{"line":65,"column":26}},"65":{"start":{"line":66,"column":0},"end":{"line":66,"column":15}},"66":{"start":{"line":67,"column":0},"end":{"line":67,"column":25}},"67":{"start":{"line":68,"column":0},"end":{"line":68,"column":9}},"69":{"start":{"line":70,"column":0},"end":{"line":70,"column":85}},"70":{"start":{"line":71,"column":0},"end":{"line":71,"column":29}},"71":{"start":{"line":72,"column":0},"end":{"line":72,"column":41}},"72":{"start":{"line":73,"column":0},"end":{"line":73,"column":16}},"73":{"start":{"line":74,"column":0},"end":{"line":74,"column":27}},"74":{"start":{"line":75,"column":0},"end":{"line":75,"column":13}},"75":{"start":{"line":76,"column":0},"end":{"line":76,"column":113}},"76":{"start":{"line":77,"column":0},"end":{"line":77,"column":9}},"77":{"start":{"line":78,"column":0},"end":{"line":78,"column":5}},"78":{"start":{"line":79,"column":0},"end":{"line":79,"column":3}},"80":{"start":{"line":81,"column":0},"end":{"line":81,"column":39}},"82":{"start":{"line":83,"column":0},"end":{"line":83,"column":33}},"83":{"start":{"line":84,"column":0},"end":{"line":84,"column":51}},"84":{"start":{"line":85,"column":0},"end":{"line":85,"column":24}},"85":{"start":{"line":86,"column":0},"end":{"line":86,"column":40}},"86":{"start":{"line":87,"column":0},"end":{"line":87,"column":26}},"87":{"start":{"line":88,"column":0},"end":{"line":88,"column":18}},"88":{"start":{"line":89,"column":0},"end":{"line":89,"column":24}},"89":{"start":{"line":90,"column":0},"end":{"line":90,"column":15}},"90":{"start":{"line":91,"column":0},"end":{"line":91,"column":77}},"91":{"start":{"line":92,"column":0},"end":{"line":92,"column":11}},"92":{"start":{"line":93,"column":0},"end":{"line":93,"column":7}},"93":{"start":{"line":94,"column":0},"end":{"line":94,"column":5}},"94":{"start":{"line":95,"column":0},"end":{"line":95,"column":50}},"95":{"start":{"line":96,"column":0},"end":{"line":96,"column":68}},"96":{"start":{"line":97,"column":0},"end":{"line":97,"column":7}},"97":{"start":{"line":98,"column":0},"end":{"line":98,"column":3}},"98":{"start":{"line":99,"column":0},"end":{"line":99,"column":1}},"100":{"start":{"line":101,"column":0},"end":{"line":101,"column":21}},"101":{"start":{"line":102,"column":0},"end":{"line":102,"column":18}},"102":{"start":{"line":103,"column":0},"end":{"line":103,"column":26}},"103":{"start":{"line":104,"column":0},"end":{"line":104,"column":15}},"104":{"start":{"line":105,"column":0},"end":{"line":105,"column":25}},"105":{"start":{"line":106,"column":0},"end":{"line":106,"column":9}},"106":{"start":{"line":107,"column":0},"end":{"line":107,"column":27}},"107":{"start":{"line":108,"column":0},"end":{"line":108,"column":47}},"108":{"start":{"line":109,"column":0},"end":{"line":109,"column":43}},"110":{"start":{"line":111,"column":0},"end":{"line":111,"column":21}},"111":{"start":{"line":112,"column":0},"end":{"line":112,"column":18}},"112":{"start":{"line":113,"column":0},"end":{"line":113,"column":87}},"113":{"start":{"line":114,"column":0},"end":{"line":114,"column":99}},"114":{"start":{"line":115,"column":0},"end":{"line":115,"column":7}},"115":{"start":{"line":116,"column":0},"end":{"line":116,"column":13}},"116":{"start":{"line":117,"column":0},"end":{"line":117,"column":5}},"117":{"start":{"line":118,"column":0},"end":{"line":118,"column":27}},"118":{"start":{"line":119,"column":0},"end":{"line":119,"column":28}},"119":{"start":{"line":120,"column":0},"end":{"line":120,"column":77}},"120":{"start":{"line":121,"column":0},"end":{"line":121,"column":81}},"121":{"start":{"line":122,"column":0},"end":{"line":122,"column":7}},"122":{"start":{"line":123,"column":0},"end":{"line":123,"column":92}},"123":{"start":{"line":124,"column":0},"end":{"line":124,"column":113}},"124":{"start":{"line":125,"column":0},"end":{"line":125,"column":7}},"125":{"start":{"line":126,"column":0},"end":{"line":126,"column":48}},"126":{"start":{"line":127,"column":0},"end":{"line":127,"column":37}},"127":{"start":{"line":128,"column":0},"end":{"line":128,"column":62}},"128":{"start":{"line":129,"column":0},"end":{"line":129,"column":122}},"129":{"start":{"line":130,"column":0},"end":{"line":130,"column":11}},"130":{"start":{"line":131,"column":0},"end":{"line":131,"column":11}},"131":{"start":{"line":132,"column":0},"end":{"line":132,"column":7}},"132":{"start":{"line":133,"column":0},"end":{"line":133,"column":13}},"133":{"start":{"line":134,"column":0},"end":{"line":134,"column":5}},"134":{"start":{"line":135,"column":0},"end":{"line":135,"column":18}},"135":{"start":{"line":136,"column":0},"end":{"line":136,"column":28}},"136":{"start":{"line":137,"column":0},"end":{"line":137,"column":77}},"137":{"start":{"line":138,"column":0},"end":{"line":138,"column":72}},"138":{"start":{"line":139,"column":0},"end":{"line":139,"column":7}},"139":{"start":{"line":140,"column":0},"end":{"line":140,"column":96}},"140":{"start":{"line":141,"column":0},"end":{"line":141,"column":85}},"141":{"start":{"line":142,"column":0},"end":{"line":142,"column":7}},"142":{"start":{"line":143,"column":0},"end":{"line":143,"column":78}},"143":{"start":{"line":144,"column":0},"end":{"line":144,"column":73}},"144":{"start":{"line":145,"column":0},"end":{"line":145,"column":94}},"145":{"start":{"line":146,"column":0},"end":{"line":146,"column":7}},"146":{"start":{"line":147,"column":0},"end":{"line":147,"column":83}},"147":{"start":{"line":148,"column":0},"end":{"line":148,"column":39}},"148":{"start":{"line":149,"column":0},"end":{"line":149,"column":37}},"149":{"start":{"line":150,"column":0},"end":{"line":150,"column":92}},"150":{"start":{"line":151,"column":0},"end":{"line":151,"column":111}},"151":{"start":{"line":152,"column":0},"end":{"line":152,"column":13}},"152":{"start":{"line":153,"column":0},"end":{"line":153,"column":16}},"153":{"start":{"line":154,"column":0},"end":{"line":154,"column":53}},"154":{"start":{"line":155,"column":0},"end":{"line":155,"column":38}},"155":{"start":{"line":156,"column":0},"end":{"line":156,"column":65}},"156":{"start":{"line":157,"column":0},"end":{"line":157,"column":15}},"157":{"start":{"line":158,"column":0},"end":{"line":158,"column":123}},"158":{"start":{"line":159,"column":0},"end":{"line":159,"column":13}},"159":{"start":{"line":160,"column":0},"end":{"line":160,"column":13}},"160":{"start":{"line":161,"column":0},"end":{"line":161,"column":11}},"161":{"start":{"line":162,"column":0},"end":{"line":162,"column":7}},"162":{"start":{"line":163,"column":0},"end":{"line":163,"column":13}},"163":{"start":{"line":164,"column":0},"end":{"line":164,"column":5}},"164":{"start":{"line":165,"column":0},"end":{"line":165,"column":21}},"165":{"start":{"line":166,"column":0},"end":{"line":166,"column":28}},"166":{"start":{"line":167,"column":0},"end":{"line":167,"column":77}},"167":{"start":{"line":168,"column":0},"end":{"line":168,"column":75}},"168":{"start":{"line":169,"column":0},"end":{"line":169,"column":7}},"169":{"start":{"line":170,"column":0},"end":{"line":170,"column":10}},"170":{"start":{"line":171,"column":0},"end":{"line":171,"column":46}},"171":{"start":{"line":172,"column":0},"end":{"line":172,"column":59}},"172":{"start":{"line":173,"column":0},"end":{"line":173,"column":9}},"173":{"start":{"line":174,"column":0},"end":{"line":174,"column":92}},"174":{"start":{"line":175,"column":0},"end":{"line":175,"column":7}},"175":{"start":{"line":176,"column":0},"end":{"line":176,"column":13}},"176":{"start":{"line":177,"column":0},"end":{"line":177,"column":5}},"177":{"start":{"line":178,"column":0},"end":{"line":178,"column":19}},"178":{"start":{"line":179,"column":0},"end":{"line":179,"column":70}},"179":{"start":{"line":180,"column":0},"end":{"line":180,"column":62}},"180":{"start":{"line":181,"column":0},"end":{"line":181,"column":78}},"181":{"start":{"line":182,"column":0},"end":{"line":182,"column":9}},"182":{"start":{"line":183,"column":0},"end":{"line":183,"column":7}},"183":{"start":{"line":184,"column":0},"end":{"line":184,"column":13}},"184":{"start":{"line":185,"column":0},"end":{"line":185,"column":5}},"185":{"start":{"line":186,"column":0},"end":{"line":186,"column":20}},"186":{"start":{"line":187,"column":0},"end":{"line":187,"column":16}},"187":{"start":{"line":188,"column":0},"end":{"line":188,"column":21}},"188":{"start":{"line":189,"column":0},"end":{"line":189,"column":13}},"189":{"start":{"line":190,"column":0},"end":{"line":190,"column":3}},"190":{"start":{"line":191,"column":0},"end":{"line":191,"column":1}},"192":{"start":{"line":193,"column":0},"end":{"line":193,"column":50}},"193":{"start":{"line":194,"column":0},"end":{"line":194,"column":41}},"194":{"start":{"line":195,"column":0},"end":{"line":195,"column":14}},"195":{"start":{"line":196,"column":0},"end":{"line":196,"column":45}},"196":{"start":{"line":197,"column":0},"end":{"line":197,"column":47}},"197":{"start":{"line":198,"column":0},"end":{"line":198,"column":3}},"198":{"start":{"line":199,"column":0},"end":{"line":199,"column":17}},"199":{"start":{"line":200,"column":0},"end":{"line":200,"column":1}}},"s":{"0":1,"40":1,"41":35,"42":35,"43":35,"44":35,"45":35,"46":1,"47":1,"48":1,"49":1,"50":1,"51":1,"52":1,"53":1,"54":1,"55":34,"56":35,"57":35,"58":35,"59":35,"60":35,"62":38,"63":38,"64":38,"65":38,"66":38,"67":38,"69":38,"70":38,"71":36,"72":4,"73":4,"74":4,"75":4,"76":4,"77":4,"78":36,"80":38,"82":38,"83":3,"84":3,"85":3,"86":3,"87":1,"88":1,"89":1,"90":1,"91":1,"92":1,"93":3,"94":3,"95":4,"96":3,"97":3,"98":38,"100":38,"101":38,"102":38,"103":38,"104":38,"105":38,"106":38,"107":38,"108":14,"110":38,"111":38,"112":10,"113":3,"114":3,"115":10,"116":10,"117":38,"118":7,"119":7,"120":0,"121":0,"122":7,"123":3,"124":3,"125":7,"126":5,"127":20,"128":2,"129":2,"130":5,"131":5,"132":7,"133":7,"134":38,"135":6,"136":6,"137":0,"138":0,"139":6,"140":1,"141":1,"142":6,"143":6,"144":2,"145":2,"146":6,"147":5,"148":7,"149":31,"150":1,"151":1,"152":31,"153":31,"154":31,"155":3,"156":31,"157":0,"158":0,"159":7,"160":5,"161":5,"162":6,"163":6,"164":38,"165":3,"166":3,"167":0,"168":0,"169":3,"170":3,"171":3,"172":3,"173":1,"174":1,"175":3,"176":3,"177":38,"178":2,"179":2,"180":1,"181":1,"182":2,"183":2,"184":2,"185":38,"186":38,"187":38,"188":10,"189":38,"190":38,"192":8,"193":8,"194":4,"195":8,"196":5,"197":5,"198":4,"199":4},"branchMap":{"0":{"type":"branch","line":41,"loc":{"start":{"line":41,"column":7},"end":{"line":61,"column":1}},"locations":[{"start":{"line":41,"column":7},"end":{"line":61,"column":1}}]},"1":{"type":"branch","line":46,"loc":{"start":{"line":46,"column":23},"end":{"line":55,"column":3}},"locations":[{"start":{"line":46,"column":23},"end":{"line":55,"column":3}}]},"2":{"type":"branch","line":55,"loc":{"start":{"line":55,"column":2},"end":{"line":57,"column":70}},"locations":[{"start":{"line":55,"column":2},"end":{"line":57,"column":70}}]},"3":{"type":"branch","line":57,"loc":{"start":{"line":57,"column":37},"end":{"line":57,"column":70}},"locations":[{"start":{"line":57,"column":37},"end":{"line":57,"column":70}}]},"4":{"type":"branch","line":57,"loc":{"start":{"line":57,"column":66},"end":{"line":57,"column":78}},"locations":[{"start":{"line":57,"column":66},"end":{"line":57,"column":78}}]},"5":{"type":"branch","line":60,"loc":{"start":{"line":60,"column":27},"end":{"line":60,"column":51}},"locations":[{"start":{"line":60,"column":27},"end":{"line":60,"column":51}}]},"6":{"type":"branch","line":60,"loc":{"start":{"line":60,"column":47},"end":{"line":60,"column":73}},"locations":[{"start":{"line":60,"column":47},"end":{"line":60,"column":73}}]},"7":{"type":"branch","line":49,"loc":{"start":{"line":49,"column":38},"end":{"line":53,"column":8}},"locations":[{"start":{"line":49,"column":38},"end":{"line":53,"column":8}}]},"8":{"type":"branch","line":51,"loc":{"start":{"line":51,"column":29},"end":{"line":51,"column":43}},"locations":[{"start":{"line":51,"column":29},"end":{"line":51,"column":43}}]},"9":{"type":"branch","line":63,"loc":{"start":{"line":63,"column":0},"end":{"line":99,"column":1}},"locations":[{"start":{"line":63,"column":0},"end":{"line":99,"column":1}}]},"10":{"type":"branch","line":71,"loc":{"start":{"line":71,"column":28},"end":{"line":79,"column":3}},"locations":[{"start":{"line":71,"column":28},"end":{"line":79,"column":3}}]},"11":{"type":"branch","line":72,"loc":{"start":{"line":72,"column":40},"end":{"line":78,"column":5}},"locations":[{"start":{"line":72,"column":40},"end":{"line":78,"column":5}}]},"12":{"type":"branch","line":83,"loc":{"start":{"line":83,"column":32},"end":{"line":98,"column":3}},"locations":[{"start":{"line":83,"column":32},"end":{"line":98,"column":3}}]},"13":{"type":"branch","line":87,"loc":{"start":{"line":87,"column":25},"end":{"line":93,"column":7}},"locations":[{"start":{"line":87,"column":25},"end":{"line":93,"column":7}}]},"14":{"type":"branch","line":95,"loc":{"start":{"line":95,"column":33},"end":{"line":97,"column":5}},"locations":[{"start":{"line":95,"column":33},"end":{"line":97,"column":5}}]},"15":{"type":"branch","line":101,"loc":{"start":{"line":101,"column":0},"end":{"line":191,"column":1}},"locations":[{"start":{"line":101,"column":0},"end":{"line":191,"column":1}}]},"16":{"type":"branch","line":112,"loc":{"start":{"line":112,"column":4},"end":{"line":117,"column":5}},"locations":[{"start":{"line":112,"column":4},"end":{"line":117,"column":5}}]},"17":{"type":"branch","line":113,"loc":{"start":{"line":113,"column":86},"end":{"line":115,"column":7}},"locations":[{"start":{"line":113,"column":86},"end":{"line":115,"column":7}}]},"18":{"type":"branch","line":118,"loc":{"start":{"line":118,"column":4},"end":{"line":134,"column":5}},"locations":[{"start":{"line":118,"column":4},"end":{"line":134,"column":5}}]},"19":{"type":"branch","line":120,"loc":{"start":{"line":120,"column":76},"end":{"line":122,"column":7}},"locations":[{"start":{"line":120,"column":76},"end":{"line":122,"column":7}}]},"20":{"type":"branch","line":123,"loc":{"start":{"line":123,"column":38},"end":{"line":123,"column":91}},"locations":[{"start":{"line":123,"column":38},"end":{"line":123,"column":91}}]},"21":{"type":"branch","line":123,"loc":{"start":{"line":123,"column":91},"end":{"line":125,"column":7}},"locations":[{"start":{"line":123,"column":91},"end":{"line":125,"column":7}}]},"22":{"type":"branch","line":126,"loc":{"start":{"line":126,"column":47},"end":{"line":132,"column":7}},"locations":[{"start":{"line":126,"column":47},"end":{"line":132,"column":7}}]},"23":{"type":"branch","line":135,"loc":{"start":{"line":135,"column":4},"end":{"line":164,"column":5}},"locations":[{"start":{"line":135,"column":4},"end":{"line":164,"column":5}}]},"24":{"type":"branch","line":137,"loc":{"start":{"line":137,"column":76},"end":{"line":139,"column":7}},"locations":[{"start":{"line":137,"column":76},"end":{"line":139,"column":7}}]},"25":{"type":"branch","line":140,"loc":{"start":{"line":140,"column":38},"end":{"line":140,"column":95}},"locations":[{"start":{"line":140,"column":38},"end":{"line":140,"column":95}}]},"26":{"type":"branch","line":140,"loc":{"start":{"line":140,"column":95},"end":{"line":142,"column":7}},"locations":[{"start":{"line":140,"column":95},"end":{"line":142,"column":7}}]},"27":{"type":"branch","line":144,"loc":{"start":{"line":144,"column":32},"end":{"line":144,"column":72}},"locations":[{"start":{"line":144,"column":32},"end":{"line":144,"column":72}}]},"28":{"type":"branch","line":144,"loc":{"start":{"line":144,"column":72},"end":{"line":146,"column":7}},"locations":[{"start":{"line":144,"column":72},"end":{"line":146,"column":7}}]},"29":{"type":"branch","line":147,"loc":{"start":{"line":147,"column":36},"end":{"line":147,"column":82}},"locations":[{"start":{"line":147,"column":36},"end":{"line":147,"column":82}}]},"30":{"type":"branch","line":147,"loc":{"start":{"line":147,"column":82},"end":{"line":162,"column":7}},"locations":[{"start":{"line":147,"column":82},"end":{"line":162,"column":7}}]},"31":{"type":"branch","line":165,"loc":{"start":{"line":165,"column":4},"end":{"line":177,"column":5}},"locations":[{"start":{"line":165,"column":4},"end":{"line":177,"column":5}}]},"32":{"type":"branch","line":167,"loc":{"start":{"line":167,"column":76},"end":{"line":169,"column":7}},"locations":[{"start":{"line":167,"column":76},"end":{"line":169,"column":7}}]},"33":{"type":"branch","line":173,"loc":{"start":{"line":173,"column":8},"end":{"line":175,"column":7}},"locations":[{"start":{"line":173,"column":8},"end":{"line":175,"column":7}}]},"34":{"type":"branch","line":178,"loc":{"start":{"line":178,"column":4},"end":{"line":185,"column":5}},"locations":[{"start":{"line":178,"column":4},"end":{"line":185,"column":5}}]},"35":{"type":"branch","line":180,"loc":{"start":{"line":180,"column":61},"end":{"line":182,"column":9}},"locations":[{"start":{"line":180,"column":61},"end":{"line":182,"column":9}}]},"36":{"type":"branch","line":186,"loc":{"start":{"line":186,"column":4},"end":{"line":186,"column":20}},"locations":[{"start":{"line":186,"column":4},"end":{"line":186,"column":20}}]},"37":{"type":"branch","line":187,"loc":{"start":{"line":187,"column":4},"end":{"line":187,"column":16}},"locations":[{"start":{"line":187,"column":4},"end":{"line":187,"column":16}}]},"38":{"type":"branch","line":188,"loc":{"start":{"line":188,"column":4},"end":{"line":189,"column":13}},"locations":[{"start":{"line":188,"column":4},"end":{"line":189,"column":13}}]},"39":{"type":"branch","line":108,"loc":{"start":{"line":108,"column":16},"end":{"line":109,"column":43}},"locations":[{"start":{"line":108,"column":16},"end":{"line":109,"column":43}}]},"40":{"type":"branch","line":127,"loc":{"start":{"line":127,"column":26},"end":{"line":131,"column":9}},"locations":[{"start":{"line":127,"column":26},"end":{"line":131,"column":9}}]},"41":{"type":"branch","line":128,"loc":{"start":{"line":128,"column":61},"end":{"line":130,"column":11}},"locations":[{"start":{"line":128,"column":61},"end":{"line":130,"column":11}}]},"42":{"type":"branch","line":143,"loc":{"start":{"line":143,"column":42},"end":{"line":143,"column":75}},"locations":[{"start":{"line":143,"column":42},"end":{"line":143,"column":75}}]},"43":{"type":"branch","line":148,"loc":{"start":{"line":148,"column":27},"end":{"line":161,"column":9}},"locations":[{"start":{"line":148,"column":27},"end":{"line":161,"column":9}}]},"44":{"type":"branch","line":149,"loc":{"start":{"line":149,"column":25},"end":{"line":160,"column":11}},"locations":[{"start":{"line":149,"column":25},"end":{"line":160,"column":11}}]},"45":{"type":"branch","line":150,"loc":{"start":{"line":150,"column":91},"end":{"line":152,"column":13}},"locations":[{"start":{"line":150,"column":91},"end":{"line":152,"column":13}}]},"46":{"type":"branch","line":155,"loc":{"start":{"line":155,"column":31},"end":{"line":156,"column":65}},"locations":[{"start":{"line":155,"column":31},"end":{"line":156,"column":65}}]},"47":{"type":"branch","line":157,"loc":{"start":{"line":157,"column":14},"end":{"line":159,"column":13}},"locations":[{"start":{"line":157,"column":14},"end":{"line":159,"column":13}}]},"48":{"type":"branch","line":193,"loc":{"start":{"line":193,"column":0},"end":{"line":200,"column":1}},"locations":[{"start":{"line":193,"column":0},"end":{"line":200,"column":1}}]},"49":{"type":"branch","line":194,"loc":{"start":{"line":194,"column":32},"end":{"line":196,"column":44}},"locations":[{"start":{"line":194,"column":32},"end":{"line":196,"column":44}}]},"50":{"type":"branch","line":196,"loc":{"start":{"line":196,"column":44},"end":{"line":198,"column":3}},"locations":[{"start":{"line":196,"column":44},"end":{"line":198,"column":3}}]},"51":{"type":"branch","line":198,"loc":{"start":{"line":198,"column":2},"end":{"line":200,"column":1}},"locations":[{"start":{"line":198,"column":2},"end":{"line":200,"column":1}}]}},"b":{"0":[35],"1":[1],"2":[34],"3":[19],"4":[15],"5":[17],"6":[17],"7":[1],"8":[0],"9":[38],"10":[36],"11":[4],"12":[3],"13":[1],"14":[4],"15":[38],"16":[10],"17":[3],"18":[7],"19":[0],"20":[6],"21":[3],"22":[5],"23":[6],"24":[0],"25":[5],"26":[1],"27":[5],"28":[2],"29":[1],"30":[5],"31":[3],"32":[0],"33":[1],"34":[2],"35":[1],"36":[2],"37":[7],"38":[10],"39":[14],"40":[20],"41":[2],"42":[8],"43":[7],"44":[31],"45":[1],"46":[3],"47":[0],"48":[8],"49":[4],"50":[5],"51":[4]},"fnMap":{"0":{"name":"validate","decl":{"start":{"line":41,"column":7},"end":{"line":61,"column":1}},"loc":{"start":{"line":41,"column":7},"end":{"line":61,"column":1}},"line":41},"1":{"name":"walkAndCheck","decl":{"start":{"line":63,"column":0},"end":{"line":99,"column":1}},"loc":{"start":{"line":63,"column":0},"end":{"line":99,"column":1}},"line":63},"2":{"name":"checkLimits","decl":{"start":{"line":101,"column":0},"end":{"line":191,"column":1}},"loc":{"start":{"line":101,"column":0},"end":{"line":191,"column":1}},"line":101},"3":{"name":"issue","decl":{"start":{"line":108,"column":16},"end":{"line":109,"column":43}},"loc":{"start":{"line":108,"column":16},"end":{"line":109,"column":43}},"line":108},"4":{"name":"compositeDepth","decl":{"start":{"line":193,"column":0},"end":{"line":200,"column":1}},"loc":{"start":{"line":193,"column":0},"end":{"line":200,"column":1}},"line":193}},"f":{"0":35,"1":38,"2":38,"3":14,"4":8}}
}
